<?xml version="1.0" encoding="UTF-8"?>
<!-- Generated by org.testng.reporters.JUnitReportReporter -->
<testsuite hostname="DESKTOP-G6VU19K" failures="0" tests="1" name="WcTestCases.NonReturnableGatePass" time="6.622" errors="1" timestamp="2021-12-27T15:59:55 IST" skipped="0">
  <testcase classname="WcTestCases.NonReturnableGatePass" name="createNonReturble" time="6.622">
    <error type="java.lang.StackOverflowError">
      <![CDATA[java.lang.StackOverflowError
at WcTestCases.NonReturnableGatePass.createNonReturble(NonReturnableGatePass.java:19)
at WcTestCases.NonReturnableGatePass.createNonReturble(NonReturnableGatePass.java:19)
at WcTestCases.NonReturnableGatePass.createNonReturble(NonReturnableGatePass.java:19)
at WcTestCases.NonReturnableGatePass.createNonReturble(NonReturnableGatePass.java:19)
at WcTestCases.NonReturnableGatePass.createNonReturble(NonReturnableGatePass.java:19)
at WcTestCases.NonReturnableGatePass.createNonReturble(NonReturnableGatePass.java:19)
at WcTestCases.NonReturnableGatePass.createNonReturble(NonReturnableGatePass.java:19)
at WcTestCases.NonReturnableGatePass.createNonReturble(NonReturnableGatePass.java:19)
at WcTestCases.NonReturnableGatePass.createNonReturble(NonReturnableGatePass.java:19)
at WcTestCases.NonReturnableGatePass.createNonReturble(NonReturnableGatePass.java:19)
at WcTestCases.NonReturnableGatePass.createNonReturble(NonReturnableGatePass.java:19)
at WcTestCases.NonReturnableGatePass.createNonReturble(NonReturnableGatePass.java:19)
at WcTestCases.NonReturnableGatePass.createNonReturble(NonReturnableGatePass.java:19)
at WcTestCases.NonReturnableGatePass.createNonReturble(NonReturnableGatePass.java:19)
at WcTestCases.NonReturnableGatePass.createNonReturble(NonReturnableGatePass.java:19)
at WcTestCases.NonReturnableGatePass.createNonReturble(NonReturnableGatePass.java:19)
at WcTestCases.NonReturnableGatePass.createNonReturble(NonReturnableGatePass.java:19)
at WcTestCases.NonReturnableGatePass.createNonReturble(NonReturnableGatePass.java:19)
at WcTestCases.NonReturnableGatePass.createNonReturble(NonReturnableGatePass.java:19)
at WcTestCases.NonReturnableGatePass.createNonReturble(NonReturnableGatePass.java:19)
at WcTestCases.NonReturnableGatePass.createNonReturble(NonReturnableGatePass.java:19)
at WcTestCases.NonReturnableGatePass.createNonReturble(NonReturnableGatePass.java:19)
at WcTestCases.NonReturnableGatePass.createNonReturble(NonReturnableGatePass.java:19)
at WcTestCases.NonReturnableGatePass.createNonReturble(NonReturnableGatePass.java:19)
at WcTestCases.NonReturnableGatePass.createNonReturble(NonReturnableGatePass.java:19)
at WcTestCases.NonReturnableGatePass.createNonReturble(NonReturnableGatePass.java:19)
at WcTestCases.NonReturnableGatePass.createNonReturble(NonReturnableGatePass.java:19)
at WcTestCases.NonReturnableGatePass.createNonReturble(NonReturnableGatePass.java:19)
at WcTestCases.NonReturnableGatePass.createNonReturble(NonReturnableGatePass.java:19)
at WcTestCases.NonReturnableGatePass.createNonReturble(NonReturnableGatePass.java:19)
at WcTestCases.NonReturnableGatePass.createNonReturble(NonReturnableGatePass.java:19)
at WcTestCases.NonReturnableGatePass.createNonReturble(NonReturnableGatePass.java:19)
at WcTestCases.NonReturnableGatePass.createNonReturble(NonReturnableGatePass.java:19)
at WcTestCases.NonReturnableGatePass.createNonReturble(NonReturnableGatePass.java:19)
at WcTestCases.NonReturnableGatePass.createNonReturble(NonReturnableGatePass.java:19)
at WcTestCases.NonReturnableGatePass.createNonReturble(NonReturnableGatePass.java:19)
at WcTestCases.NonReturnableGatePass.createNonReturble(NonReturnableGatePass.java:19)
at WcTestCases.NonReturnableGatePass.createNonReturble(NonReturnableGatePass.java:19)
at WcTestCases.NonReturnableGatePass.createNonReturble(NonReturnableGatePass.java:19)
at WcTestCases.NonReturnableGatePass.createNonReturble(NonReturnableGatePass.java:19)
at WcTestCases.NonReturnableGatePass.createNonReturble(NonReturnableGatePass.java:19)
at WcTestCases.NonReturnableGatePass.createNonReturble(NonReturnableGatePass.java:19)
at WcTestCases.NonReturnableGatePass.createNonReturble(NonReturnableGatePass.java:19)
at WcTestCases.NonReturnableGatePass.createNonReturble(NonReturnableGatePass.java:19)
at WcTestCases.NonReturnableGatePass.createNonReturble(NonReturnableGatePass.java:19)
at WcTestCases.NonReturnableGatePass.createNonReturble(NonReturnableGatePass.java:19)
at WcTestCases.NonReturnableGatePass.createNonReturble(NonReturnableGatePass.java:19)
at WcTestCases.NonReturnableGatePass.createNonReturble(NonReturnableGatePass.java:19)
at WcTestCases.NonReturnableGatePass.createNonReturble(NonReturnableGatePass.java:19)
at WcTestCases.NonReturnableGatePass.createNonReturble(NonReturnableGatePass.java:19)
at WcTestCases.NonReturnableGatePass.createNonReturble(NonReturnableGatePass.java:19)
at WcTestCases.NonReturnableGatePass.createNonReturble(NonReturnableGatePass.java:19)
at WcTestCases.NonReturnableGatePass.createNonReturble(NonReturnableGatePass.java:19)
at WcTestCases.NonReturnableGatePass.createNonReturble(NonReturnableGatePass.java:19)
at WcTestCases.NonReturnableGatePass.createNonReturble(NonReturnableGatePass.java:19)
at WcTestCases.NonReturnableGatePass.createNonReturble(NonReturnableGatePass.java:19)
at WcTestCases.NonReturnableGatePass.createNonReturble(NonReturnableGatePass.java:19)
at WcTestCases.NonReturnableGatePass.createNonReturble(NonReturnableGatePass.java:19)
at WcTestCases.NonReturnableGatePass.createNonReturble(NonReturnableGatePass.java:19)
at WcTestCases.NonReturnableGatePass.createNonReturble(NonReturnableGatePass.java:19)
at WcTestCases.NonReturnableGatePass.createNonReturble(NonReturnableGatePass.java:19)
at WcTestCases.NonReturnableGatePass.createNonReturble(NonReturnableGatePass.java:19)
at WcTestCases.NonReturnableGatePass.createNonReturble(NonReturnableGatePass.java:19)
at WcTestCases.NonReturnableGatePass.createNonReturble(NonReturnableGatePass.java:19)
at WcTestCases.NonReturnableGatePass.createNonReturble(NonReturnableGatePass.java:19)
at WcTestCases.NonReturnableGatePass.createNonReturble(NonReturnableGatePass.java:19)
at WcTestCases.NonReturnableGatePass.createNonReturble(NonReturnableGatePass.java:19)
at WcTestCases.NonReturnableGatePass.createNonReturble(NonReturnableGatePass.java:19)
at WcTestCases.NonReturnableGatePass.createNonReturble(NonReturnableGatePass.java:19)
at WcTestCases.NonReturnableGatePass.createNonReturble(NonReturnableGatePass.java:19)
at WcTestCases.NonReturnableGatePass.createNonReturble(NonReturnableGatePass.java:19)
at WcTestCases.NonReturnableGatePass.createNonReturble(NonReturnableGatePass.java:19)
at WcTestCases.NonReturnableGatePass.createNonReturble(NonReturnableGatePass.java:19)
at WcTestCases.NonReturnableGatePass.createNonReturble(NonReturnableGatePass.java:19)
at WcTestCases.NonReturnableGatePass.createNonReturble(NonReturnableGatePass.java:19)
at WcTestCases.NonReturnableGatePass.createNonReturble(NonReturnableGatePass.java:19)
at WcTestCases.NonReturnableGatePass.createNonReturble(NonReturnableGatePass.java:19)
at WcTestCases.NonReturnableGatePass.createNonReturble(NonReturnableGatePass.java:19)
at WcTestCases.NonReturnableGatePass.createNonReturble(NonReturnableGatePass.java:19)
at WcTestCases.NonReturnableGatePass.createNonReturble(NonReturnableGatePass.java:19)
at WcTestCases.NonReturnableGatePass.createNonReturble(NonReturnableGatePass.java:19)
at WcTestCases.NonReturnableGatePass.createNonReturble(NonReturnableGatePass.java:19)
at WcTestCases.NonReturnableGatePass.createNonReturble(NonReturnableGatePass.java:19)
at WcTestCases.NonReturnableGatePass.createNonReturble(NonReturnableGatePass.java:19)
at WcTestCases.NonReturnableGatePass.createNonReturble(NonReturnableGatePass.java:19)
at WcTestCases.NonReturnableGatePass.createNonReturble(NonReturnableGatePass.java:19)
at WcTestCases.NonReturnableGatePass.createNonReturble(NonReturnableGatePass.java:19)
at WcTestCases.NonReturnableGatePass.createNonReturble(NonReturnableGatePass.java:19)
at WcTestCases.NonReturnableGatePass.createNonReturble(NonReturnableGatePass.java:19)
at WcTestCases.NonReturnableGatePass.createNonReturble(NonReturnableGatePass.java:19)
at WcTestCases.NonReturnableGatePass.createNonReturble(NonReturnableGatePass.java:19)
at WcTestCases.NonReturnableGatePass.createNonReturble(NonReturnableGatePass.java:19)
at WcTestCases.NonReturnableGatePass.createNonReturble(NonReturnableGatePass.java:19)
at WcTestCases.NonReturnableGatePass.createNonReturble(NonReturnableGatePass.java:19)
at WcTestCases.NonReturnableGatePass.createNonReturble(NonReturnableGatePass.java:19)
at WcTestCases.NonReturnableGatePass.createNonReturble(NonReturnableGatePass.java:19)
at WcTestCases.NonReturnableGatePass.createNonReturble(NonReturnableGatePass.java:19)
at WcTestCases.NonReturnableGatePass.createNonReturble(NonReturnableGatePass.java:19)
at WcTestCases.NonReturnableGatePass.createNonReturble(NonReturnableGatePass.java:19)
at WcTestCases.NonReturnableGatePass.createNonReturble(NonReturnableGatePass.java:19)
at WcTestCases.NonReturnableGatePass.createNonReturble(NonReturnableGatePass.java:19)
at WcTestCases.NonReturnableGatePass.createNonReturble(NonReturnableGatePass.java:19)
at WcTestCases.NonReturnableGatePass.createNonReturble(NonReturnableGatePass.java:19)
at WcTestCases.NonReturnableGatePass.createNonReturble(NonReturnableGatePass.java:19)
at WcTestCases.NonReturnableGatePass.createNonReturble(NonReturnableGatePass.java:19)
at WcTestCases.NonReturnableGatePass.createNonReturble(NonReturnableGatePass.java:19)
at WcTestCases.NonReturnableGatePass.createNonReturble(NonReturnableGatePass.java:19)
at WcTestCases.NonReturnableGatePass.createNonReturble(NonReturnableGatePass.java:19)
at WcTestCases.NonReturnableGatePass.createNonReturble(NonReturnableGatePass.java:19)
at WcTestCases.NonReturnableGatePass.createNonReturble(NonReturnableGatePass.java:19)
at WcTestCases.NonReturnableGatePass.createNonReturble(NonReturnableGatePass.java:19)
at WcTestCases.NonReturnableGatePass.createNonReturble(NonReturnableGatePass.java:19)
at WcTestCases.NonReturnableGatePass.createNonReturble(NonReturnableGatePass.java:19)
at WcTestCases.NonReturnableGatePass.createNonReturble(NonReturnableGatePass.java:19)
at WcTestCases.NonReturnableGatePass.createNonReturble(NonReturnableGatePass.java:19)
at WcTestCases.NonReturnableGatePass.createNonReturble(NonReturnableGatePass.java:19)
at WcTestCases.NonReturnableGatePass.createNonReturble(NonReturnableGatePass.java:19)
at WcTestCases.NonReturnableGatePass.createNonReturble(NonReturnableGatePass.java:19)
at WcTestCases.NonReturnableGatePass.createNonReturble(NonReturnableGatePass.java:19)
at WcTestCases.NonReturnableGatePass.createNonReturble(NonReturnableGatePass.java:19)
at WcTestCases.NonReturnableGatePass.createNonReturble(NonReturnableGatePass.java:19)
at WcTestCases.NonReturnableGatePass.createNonReturble(NonReturnableGatePass.java:19)
at WcTestCases.NonReturnableGatePass.createNonReturble(NonReturnableGatePass.java:19)
at WcTestCases.NonReturnableGatePass.createNonReturble(NonReturnableGatePass.java:19)
at WcTestCases.NonReturnableGatePass.createNonReturble(NonReturnableGatePass.java:19)
at WcTestCases.NonReturnableGatePass.createNonReturble(NonReturnableGatePass.java:19)
at WcTestCases.NonReturnableGatePass.createNonReturble(NonReturnableGatePass.java:19)
at WcTestCases.NonReturnableGatePass.createNonReturble(NonReturnableGatePass.java:19)
at WcTestCases.NonReturnableGatePass.createNonReturble(NonReturnableGatePass.java:19)
at WcTestCases.NonReturnableGatePass.createNonReturble(NonReturnableGatePass.java:19)
at WcTestCases.NonReturnableGatePass.createNonReturble(NonReturnableGatePass.java:19)
at WcTestCases.NonReturnableGatePass.createNonReturble(NonReturnableGatePass.java:19)
at WcTestCases.NonReturnableGatePass.createNonReturble(NonReturnableGatePass.java:19)
at WcTestCases.NonReturnableGatePass.createNonReturble(NonReturnableGatePass.java:19)
at WcTestCases.NonReturnableGatePass.createNonReturble(NonReturnableGatePass.java:19)
at WcTestCases.NonReturnableGatePass.createNonReturble(NonReturnableGatePass.java:19)
at WcTestCases.NonReturnableGatePass.createNonReturble(NonReturnableGatePass.java:19)
at WcTestCases.NonReturnableGatePass.createNonReturble(NonReturnableGatePass.java:19)
at WcTestCases.NonReturnableGatePass.createNonReturble(NonReturnableGatePass.java:19)
at WcTestCases.NonReturnableGatePass.createNonReturble(NonReturnableGatePass.java:19)
at WcTestCases.NonReturnableGatePass.createNonReturble(NonReturnableGatePass.java:19)
at WcTestCases.NonReturnableGatePass.createNonReturble(NonReturnableGatePass.java:19)
at WcTestCases.NonReturnableGatePass.createNonReturble(NonReturnableGatePass.java:19)
at WcTestCases.NonReturnableGatePass.createNonReturble(NonReturnableGatePass.java:19)
at WcTestCases.NonReturnableGatePass.createNonReturble(NonReturnableGatePass.java:19)
at WcTestCases.NonReturnableGatePass.createNonReturble(NonReturnableGatePass.java:19)
at WcTestCases.NonReturnableGatePass.createNonReturble(NonReturnableGatePass.java:19)
at WcTestCases.NonReturnableGatePass.createNonReturble(NonReturnableGatePass.java:19)
at WcTestCases.NonReturnableGatePass.createNonReturble(NonReturnableGatePass.java:19)
at WcTestCases.NonReturnableGatePass.createNonReturble(NonReturnableGatePass.java:19)
at WcTestCases.NonReturnableGatePass.createNonReturble(NonReturnableGatePass.java:19)
at WcTestCases.NonReturnableGatePass.createNonReturble(NonReturnableGatePass.java:19)
at WcTestCases.NonReturnableGatePass.createNonReturble(NonReturnableGatePass.java:19)
at WcTestCases.NonReturnableGatePass.createNonReturble(NonReturnableGatePass.java:19)
at WcTestCases.NonReturnableGatePass.createNonReturble(NonReturnableGatePass.java:19)
at WcTestCases.NonReturnableGatePass.createNonReturble(NonReturnableGatePass.java:19)
at WcTestCases.NonReturnableGatePass.createNonReturble(NonReturnableGatePass.java:19)
at WcTestCases.NonReturnableGatePass.createNonReturble(NonReturnableGatePass.java:19)
at WcTestCases.NonReturnableGatePass.createNonReturble(NonReturnableGatePass.java:19)
at WcTestCases.NonReturnableGatePass.createNonReturble(NonReturnableGatePass.java:19)
at WcTestCases.NonReturnableGatePass.createNonReturble(NonReturnableGatePass.java:19)
at WcTestCases.NonReturnableGatePass.createNonReturble(NonReturnableGatePass.java:19)
at WcTestCases.NonReturnableGatePass.createNonReturble(NonReturnableGatePass.java:19)
at WcTestCases.NonReturnableGatePass.createNonReturble(NonReturnableGatePass.java:19)
at WcTestCases.NonReturnableGatePass.createNonReturble(NonReturnableGatePass.java:19)
at WcTestCases.NonReturnableGatePass.createNonReturble(NonReturnableGatePass.java:19)
at WcTestCases.NonReturnableGatePass.createNonReturble(NonReturnableGatePass.java:19)
at WcTestCases.NonReturnableGatePass.createNonReturble(NonReturnableGatePass.java:19)
at WcTestCases.NonReturnableGatePass.createNonReturble(NonReturnableGatePass.java:19)
at WcTestCases.NonReturnableGatePass.createNonReturble(NonReturnableGatePass.java:19)
at WcTestCases.NonReturnableGatePass.createNonReturble(NonReturnableGatePass.java:19)
at WcTestCases.NonReturnableGatePass.createNonReturble(NonReturnableGatePass.java:19)
at WcTestCases.NonReturnableGatePass.createNonReturble(NonReturnableGatePass.java:19)
at WcTestCases.NonReturnableGatePass.createNonReturble(NonReturnableGatePass.java:19)
at WcTestCases.NonReturnableGatePass.createNonReturble(NonReturnableGatePass.java:19)
at WcTestCases.NonReturnableGatePass.createNonReturble(NonReturnableGatePass.java:19)
at WcTestCases.NonReturnableGatePass.createNonReturble(NonReturnableGatePass.java:19)
at WcTestCases.NonReturnableGatePass.createNonReturble(NonReturnableGatePass.java:19)
at WcTestCases.NonReturnableGatePass.createNonReturble(NonReturnableGatePass.java:19)
at WcTestCases.NonReturnableGatePass.createNonReturble(NonReturnableGatePass.java:19)
at WcTestCases.NonReturnableGatePass.createNonReturble(NonReturnableGatePass.java:19)
at WcTestCases.NonReturnableGatePass.createNonReturble(NonReturnableGatePass.java:19)
at WcTestCases.NonReturnableGatePass.createNonReturble(NonReturnableGatePass.java:19)
at WcTestCases.NonReturnableGatePass.createNonReturble(NonReturnableGatePass.java:19)
at WcTestCases.NonReturnableGatePass.createNonReturble(NonReturnableGatePass.java:19)
at WcTestCases.NonReturnableGatePass.createNonReturble(NonReturnableGatePass.java:19)
at WcTestCases.NonReturnableGatePass.createNonReturble(NonReturnableGatePass.java:19)
at WcTestCases.NonReturnableGatePass.createNonReturble(NonReturnableGatePass.java:19)
at WcTestCases.NonReturnableGatePass.createNonReturble(NonReturnableGatePass.java:19)
at WcTestCases.NonReturnableGatePass.createNonReturble(NonReturnableGatePass.java:19)
at WcTestCases.NonReturnableGatePass.createNonReturble(NonReturnableGatePass.java:19)
at WcTestCases.NonReturnableGatePass.createNonReturble(NonReturnableGatePass.java:19)
at WcTestCases.NonReturnableGatePass.createNonReturble(NonReturnableGatePass.java:19)
at WcTestCases.NonReturnableGatePass.createNonReturble(NonReturnableGatePass.java:19)
at WcTestCases.NonReturnableGatePass.createNonReturble(NonReturnableGatePass.java:19)
at WcTestCases.NonReturnableGatePass.createNonReturble(NonReturnableGatePass.java:19)
at WcTestCases.NonReturnableGatePass.createNonReturble(NonReturnableGatePass.java:19)
at WcTestCases.NonReturnableGatePass.createNonReturble(NonReturnableGatePass.java:19)
at WcTestCases.NonReturnableGatePass.createNonReturble(NonReturnableGatePass.java:19)
at WcTestCases.NonReturnableGatePass.createNonReturble(NonReturnableGatePass.java:19)
at WcTestCases.NonReturnableGatePass.createNonReturble(NonReturnableGatePass.java:19)
at WcTestCases.NonReturnableGatePass.createNonReturble(NonReturnableGatePass.java:19)
at WcTestCases.NonReturnableGatePass.createNonReturble(NonReturnableGatePass.java:19)
at WcTestCases.NonReturnableGatePass.createNonReturble(NonReturnableGatePass.java:19)
at WcTestCases.NonReturnableGatePass.createNonReturble(NonReturnableGatePass.java:19)
at WcTestCases.NonReturnableGatePass.createNonReturble(NonReturnableGatePass.java:19)
at WcTestCases.NonReturnableGatePass.createNonReturble(NonReturnableGatePass.java:19)
at WcTestCases.NonReturnableGatePass.createNonReturble(NonReturnableGatePass.java:19)
at WcTestCases.NonReturnableGatePass.createNonReturble(NonReturnableGatePass.java:19)
at WcTestCases.NonReturnableGatePass.createNonReturble(NonReturnableGatePass.java:19)
at WcTestCases.NonReturnableGatePass.createNonReturble(NonReturnableGatePass.java:19)
at WcTestCases.NonReturnableGatePass.createNonReturble(NonReturnableGatePass.java:19)
at WcTestCases.NonReturnableGatePass.createNonReturble(NonReturnableGatePass.java:19)
at WcTestCases.NonReturnableGatePass.createNonReturble(NonReturnableGatePass.java:19)
at WcTestCases.NonReturnableGatePass.createNonReturble(NonReturnableGatePass.java:19)
at WcTestCases.NonReturnableGatePass.createNonReturble(NonReturnableGatePass.java:19)
at WcTestCases.NonReturnableGatePass.createNonReturble(NonReturnableGatePass.java:19)
at WcTestCases.NonReturnableGatePass.createNonReturble(NonReturnableGatePass.java:19)
at WcTestCases.NonReturnableGatePass.createNonReturble(NonReturnableGatePass.java:19)
at WcTestCases.NonReturnableGatePass.createNonReturble(NonReturnableGatePass.java:19)
at WcTestCases.NonReturnableGatePass.createNonReturble(NonReturnableGatePass.java:19)
at WcTestCases.NonReturnableGatePass.createNonReturble(NonReturnableGatePass.java:19)
at WcTestCases.NonReturnableGatePass.createNonReturble(NonReturnableGatePass.java:19)
at WcTestCases.NonReturnableGatePass.createNonReturble(NonReturnableGatePass.java:19)
at WcTestCases.NonReturnableGatePass.createNonReturble(NonReturnableGatePass.java:19)
at WcTestCases.NonReturnableGatePass.createNonReturble(NonReturnableGatePass.java:19)
at WcTestCases.NonReturnableGatePass.createNonReturble(NonReturnableGatePass.java:19)
at WcTestCases.NonReturnableGatePass.createNonReturble(NonReturnableGatePass.java:19)
at WcTestCases.NonReturnableGatePass.createNonReturble(NonReturnableGatePass.java:19)
at WcTestCases.NonReturnableGatePass.createNonReturble(NonReturnableGatePass.java:19)
at WcTestCases.NonReturnableGatePass.createNonReturble(NonReturnableGatePass.java:19)
at WcTestCases.NonReturnableGatePass.createNonReturble(NonReturnableGatePass.java:19)
at WcTestCases.NonReturnableGatePass.createNonReturble(NonReturnableGatePass.java:19)
at WcTestCases.NonReturnableGatePass.createNonReturble(NonReturnableGatePass.java:19)
at WcTestCases.NonReturnableGatePass.createNonReturble(NonReturnableGatePass.java:19)
at WcTestCases.NonReturnableGatePass.createNonReturble(NonReturnableGatePass.java:19)
at WcTestCases.NonReturnableGatePass.createNonReturble(NonReturnableGatePass.java:19)
at WcTestCases.NonReturnableGatePass.createNonReturble(NonReturnableGatePass.java:19)
at WcTestCases.NonReturnableGatePass.createNonReturble(NonReturnableGatePass.java:19)
at WcTestCases.NonReturnableGatePass.createNonReturble(NonReturnableGatePass.java:19)
at WcTestCases.NonReturnableGatePass.createNonReturble(NonReturnableGatePass.java:19)
at WcTestCases.NonReturnableGatePass.createNonReturble(NonReturnableGatePass.java:19)
at WcTestCases.NonReturnableGatePass.createNonReturble(NonReturnableGatePass.java:19)
at WcTestCases.NonReturnableGatePass.createNonReturble(NonReturnableGatePass.java:19)
at WcTestCases.NonReturnableGatePass.createNonReturble(NonReturnableGatePass.java:19)
at WcTestCases.NonReturnableGatePass.createNonReturble(NonReturnableGatePass.java:19)
at WcTestCases.NonReturnableGatePass.createNonReturble(NonReturnableGatePass.java:19)
at WcTestCases.NonReturnableGatePass.createNonReturble(NonReturnableGatePass.java:19)
at WcTestCases.NonReturnableGatePass.createNonReturble(NonReturnableGatePass.java:19)
at WcTestCases.NonReturnableGatePass.createNonReturble(NonReturnableGatePass.java:19)
at WcTestCases.NonReturnableGatePass.createNonReturble(NonReturnableGatePass.java:19)
at WcTestCases.NonReturnableGatePass.createNonReturble(NonReturnableGatePass.java:19)
at WcTestCases.NonReturnableGatePass.createNonReturble(NonReturnableGatePass.java:19)
at WcTestCases.NonReturnableGatePass.createNonReturble(NonReturnableGatePass.java:19)
at WcTestCases.NonReturnableGatePass.createNonReturble(NonReturnableGatePass.java:19)
at WcTestCases.NonReturnableGatePass.createNonReturble(NonReturnableGatePass.java:19)
at WcTestCases.NonReturnableGatePass.createNonReturble(NonReturnableGatePass.java:19)
at WcTestCases.NonReturnableGatePass.createNonReturble(NonReturnableGatePass.java:19)
at WcTestCases.NonReturnableGatePass.createNonReturble(NonReturnableGatePass.java:19)
at WcTestCases.NonReturnableGatePass.createNonReturble(NonReturnableGatePass.java:19)
at WcTestCases.NonReturnableGatePass.createNonReturble(NonReturnableGatePass.java:19)
at WcTestCases.NonReturnableGatePass.createNonReturble(NonReturnableGatePass.java:19)
at WcTestCases.NonReturnableGatePass.createNonReturble(NonReturnableGatePass.java:19)
at WcTestCases.NonReturnableGatePass.createNonReturble(NonReturnableGatePass.java:19)
at WcTestCases.NonReturnableGatePass.createNonReturble(NonReturnableGatePass.java:19)
at WcTestCases.NonReturnableGatePass.createNonReturble(NonReturnableGatePass.java:19)
at WcTestCases.NonReturnableGatePass.createNonReturble(NonReturnableGatePass.java:19)
at WcTestCases.NonReturnableGatePass.createNonReturble(NonReturnableGatePass.java:19)
at WcTestCases.NonReturnableGatePass.createNonReturble(NonReturnableGatePass.java:19)
at WcTestCases.NonReturnableGatePass.createNonReturble(NonReturnableGatePass.java:19)
at WcTestCases.NonReturnableGatePass.createNonReturble(NonReturnableGatePass.java:19)
at WcTestCases.NonReturnableGatePass.createNonReturble(NonReturnableGatePass.java:19)
at WcTestCases.NonReturnableGatePass.createNonReturble(NonReturnableGatePass.java:19)
at WcTestCases.NonReturnableGatePass.createNonReturble(NonReturnableGatePass.java:19)
at WcTestCases.NonReturnableGatePass.createNonReturble(NonReturnableGatePass.java:19)
at WcTestCases.NonReturnableGatePass.createNonReturble(NonReturnableGatePass.java:19)
at WcTestCases.NonReturnableGatePass.createNonReturble(NonReturnableGatePass.java:19)
at WcTestCases.NonReturnableGatePass.createNonReturble(NonReturnableGatePass.java:19)
at WcTestCases.NonReturnableGatePass.createNonReturble(NonReturnableGatePass.java:19)
at WcTestCases.NonReturnableGatePass.createNonReturble(NonReturnableGatePass.java:19)
at WcTestCases.NonReturnableGatePass.createNonReturble(NonReturnableGatePass.java:19)
at WcTestCases.NonReturnableGatePass.createNonReturble(NonReturnableGatePass.java:19)
at WcTestCases.NonReturnableGatePass.createNonReturble(NonReturnableGatePass.java:19)
at WcTestCases.NonReturnableGatePass.createNonReturble(NonReturnableGatePass.java:19)
at WcTestCases.NonReturnableGatePass.createNonReturble(NonReturnableGatePass.java:19)
at WcTestCases.NonReturnableGatePass.createNonReturble(NonReturnableGatePass.java:19)
at WcTestCases.NonReturnableGatePass.createNonReturble(NonReturnableGatePass.java:19)
at WcTestCases.NonReturnableGatePass.createNonReturble(NonReturnableGatePass.java:19)
at WcTestCases.NonReturnableGatePass.createNonReturble(NonReturnableGatePass.java:19)
at WcTestCases.NonReturnableGatePass.createNonReturble(NonReturnableGatePass.java:19)
at WcTestCases.NonReturnableGatePass.createNonReturble(NonReturnableGatePass.java:19)
at WcTestCases.NonReturnableGatePass.createNonReturble(NonReturnableGatePass.java:19)
at WcTestCases.NonReturnableGatePass.createNonReturble(NonReturnableGatePass.java:19)
at WcTestCases.NonReturnableGatePass.createNonReturble(NonReturnableGatePass.java:19)
at WcTestCases.NonReturnableGatePass.createNonReturble(NonReturnableGatePass.java:19)
at WcTestCases.NonReturnableGatePass.createNonReturble(NonReturnableGatePass.java:19)
at WcTestCases.NonReturnableGatePass.createNonReturble(NonReturnableGatePass.java:19)
at WcTestCases.NonReturnableGatePass.createNonReturble(NonReturnableGatePass.java:19)
at WcTestCases.NonReturnableGatePass.createNonReturble(NonReturnableGatePass.java:19)
at WcTestCases.NonReturnableGatePass.createNonReturble(NonReturnableGatePass.java:19)
at WcTestCases.NonReturnableGatePass.createNonReturble(NonReturnableGatePass.java:19)
at WcTestCases.NonReturnableGatePass.createNonReturble(NonReturnableGatePass.java:19)
at WcTestCases.NonReturnableGatePass.createNonReturble(NonReturnableGatePass.java:19)
at WcTestCases.NonReturnableGatePass.createNonReturble(NonReturnableGatePass.java:19)
at WcTestCases.NonReturnableGatePass.createNonReturble(NonReturnableGatePass.java:19)
at WcTestCases.NonReturnableGatePass.createNonReturble(NonReturnableGatePass.java:19)
at WcTestCases.NonReturnableGatePass.createNonReturble(NonReturnableGatePass.java:19)
at WcTestCases.NonReturnableGatePass.createNonReturble(NonReturnableGatePass.java:19)
at WcTestCases.NonReturnableGatePass.createNonReturble(NonReturnableGatePass.java:19)
at WcTestCases.NonReturnableGatePass.createNonReturble(NonReturnableGatePass.java:19)
at WcTestCases.NonReturnableGatePass.createNonReturble(NonReturnableGatePass.java:19)
at WcTestCases.NonReturnableGatePass.createNonReturble(NonReturnableGatePass.java:19)
at WcTestCases.NonReturnableGatePass.createNonReturble(NonReturnableGatePass.java:19)
at WcTestCases.NonReturnableGatePass.createNonReturble(NonReturnableGatePass.java:19)
at WcTestCases.NonReturnableGatePass.createNonReturble(NonReturnableGatePass.java:19)
at WcTestCases.NonReturnableGatePass.createNonReturble(NonReturnableGatePass.java:19)
at WcTestCases.NonReturnableGatePass.createNonReturble(NonReturnableGatePass.java:19)
at WcTestCases.NonReturnableGatePass.createNonReturble(NonReturnableGatePass.java:19)
at WcTestCases.NonReturnableGatePass.createNonReturble(NonReturnableGatePass.java:19)
at WcTestCases.NonReturnableGatePass.createNonReturble(NonReturnableGatePass.java:19)
at WcTestCases.NonReturnableGatePass.createNonReturble(NonReturnableGatePass.java:19)
at WcTestCases.NonReturnableGatePass.createNonReturble(NonReturnableGatePass.java:19)
at WcTestCases.NonReturnableGatePass.createNonReturble(NonReturnableGatePass.java:19)
at WcTestCases.NonReturnableGatePass.createNonReturble(NonReturnableGatePass.java:19)
at WcTestCases.NonReturnableGatePass.createNonReturble(NonReturnableGatePass.java:19)
at WcTestCases.NonReturnableGatePass.createNonReturble(NonReturnableGatePass.java:19)
at WcTestCases.NonReturnableGatePass.createNonReturble(NonReturnableGatePass.java:19)
at WcTestCases.NonReturnableGatePass.createNonReturble(NonReturnableGatePass.java:19)
at WcTestCases.NonReturnableGatePass.createNonReturble(NonReturnableGatePass.java:19)
at WcTestCases.NonReturnableGatePass.createNonReturble(NonReturnableGatePass.java:19)
at WcTestCases.NonReturnableGatePass.createNonReturble(NonReturnableGatePass.java:19)
at WcTestCases.NonReturnableGatePass.createNonReturble(NonReturnableGatePass.java:19)
at WcTestCases.NonReturnableGatePass.createNonReturble(NonReturnableGatePass.java:19)
at WcTestCases.NonReturnableGatePass.createNonReturble(NonReturnableGatePass.java:19)
at WcTestCases.NonReturnableGatePass.createNonReturble(NonReturnableGatePass.java:19)
at WcTestCases.NonReturnableGatePass.createNonReturble(NonReturnableGatePass.java:19)
at WcTestCases.NonReturnableGatePass.createNonReturble(NonReturnableGatePass.java:19)
at WcTestCases.NonReturnableGatePass.createNonReturble(NonReturnableGatePass.java:19)
at WcTestCases.NonReturnableGatePass.createNonReturble(NonReturnableGatePass.java:19)
at WcTestCases.NonReturnableGatePass.createNonReturble(NonReturnableGatePass.java:19)
at WcTestCases.NonReturnableGatePass.createNonReturble(NonReturnableGatePass.java:19)
at WcTestCases.NonReturnableGatePass.createNonReturble(NonReturnableGatePass.java:19)
at WcTestCases.NonReturnableGatePass.createNonReturble(NonReturnableGatePass.java:19)
at WcTestCases.NonReturnableGatePass.createNonReturble(NonReturnableGatePass.java:19)
at WcTestCases.NonReturnableGatePass.createNonReturble(NonReturnableGatePass.java:19)
at WcTestCases.NonReturnableGatePass.createNonReturble(NonReturnableGatePass.java:19)
at WcTestCases.NonReturnableGatePass.createNonReturble(NonReturnableGatePass.java:19)
at WcTestCases.NonReturnableGatePass.createNonReturble(NonReturnableGatePass.java:19)
at WcTestCases.NonReturnableGatePass.createNonReturble(NonReturnableGatePass.java:19)
at WcTestCases.NonReturnableGatePass.createNonReturble(NonReturnableGatePass.java:19)
at WcTestCases.NonReturnableGatePass.createNonReturble(NonReturnableGatePass.java:19)
at WcTestCases.NonReturnableGatePass.createNonReturble(NonReturnableGatePass.java:19)
at WcTestCases.NonReturnableGatePass.createNonReturble(NonReturnableGatePass.java:19)
at WcTestCases.NonReturnableGatePass.createNonReturble(NonReturnableGatePass.java:19)
at WcTestCases.NonReturnableGatePass.createNonReturble(NonReturnableGatePass.java:19)
at WcTestCases.NonReturnableGatePass.createNonReturble(NonReturnableGatePass.java:19)
at WcTestCases.NonReturnableGatePass.createNonReturble(NonReturnableGatePass.java:19)
at WcTestCases.NonReturnableGatePass.createNonReturble(NonReturnableGatePass.java:19)
at WcTestCases.NonReturnableGatePass.createNonReturble(NonReturnableGatePass.java:19)
at WcTestCases.NonReturnableGatePass.createNonReturble(NonReturnableGatePass.java:19)
at WcTestCases.NonReturnableGatePass.createNonReturble(NonReturnableGatePass.java:19)
at WcTestCases.NonReturnableGatePass.createNonReturble(NonReturnableGatePass.java:19)
at WcTestCases.NonReturnableGatePass.createNonReturble(NonReturnableGatePass.java:19)
at WcTestCases.NonReturnableGatePass.createNonReturble(NonReturnableGatePass.java:19)
at WcTestCases.NonReturnableGatePass.createNonReturble(NonReturnableGatePass.java:19)
at WcTestCases.NonReturnableGatePass.createNonReturble(NonReturnableGatePass.java:19)
at WcTestCases.NonReturnableGatePass.createNonReturble(NonReturnableGatePass.java:19)
at WcTestCases.NonReturnableGatePass.createNonReturble(NonReturnableGatePass.java:19)
at WcTestCases.NonReturnableGatePass.createNonReturble(NonReturnableGatePass.java:19)
at WcTestCases.NonReturnableGatePass.createNonReturble(NonReturnableGatePass.java:19)
at WcTestCases.NonReturnableGatePass.createNonReturble(NonReturnableGatePass.java:19)
at WcTestCases.NonReturnableGatePass.createNonReturble(NonReturnableGatePass.java:19)
at WcTestCases.NonReturnableGatePass.createNonReturble(NonReturnableGatePass.java:19)
at WcTestCases.NonReturnableGatePass.createNonReturble(NonReturnableGatePass.java:19)
at WcTestCases.NonReturnableGatePass.createNonReturble(NonReturnableGatePass.java:19)
at WcTestCases.NonReturnableGatePass.createNonReturble(NonReturnableGatePass.java:19)
at WcTestCases.NonReturnableGatePass.createNonReturble(NonReturnableGatePass.java:19)
at WcTestCases.NonReturnableGatePass.createNonReturble(NonReturnableGatePass.java:19)
at WcTestCases.NonReturnableGatePass.createNonReturble(NonReturnableGatePass.java:19)
at WcTestCases.NonReturnableGatePass.createNonReturble(NonReturnableGatePass.java:19)
at WcTestCases.NonReturnableGatePass.createNonReturble(NonReturnableGatePass.java:19)
at WcTestCases.NonReturnableGatePass.createNonReturble(NonReturnableGatePass.java:19)
at WcTestCases.NonReturnableGatePass.createNonReturble(NonReturnableGatePass.java:19)
at WcTestCases.NonReturnableGatePass.createNonReturble(NonReturnableGatePass.java:19)
at WcTestCases.NonReturnableGatePass.createNonReturble(NonReturnableGatePass.java:19)
at WcTestCases.NonReturnableGatePass.createNonReturble(NonReturnableGatePass.java:19)
at WcTestCases.NonReturnableGatePass.createNonReturble(NonReturnableGatePass.java:19)
at WcTestCases.NonReturnableGatePass.createNonReturble(NonReturnableGatePass.java:19)
at WcTestCases.NonReturnableGatePass.createNonReturble(NonReturnableGatePass.java:19)
at WcTestCases.NonReturnableGatePass.createNonReturble(NonReturnableGatePass.java:19)
at WcTestCases.NonReturnableGatePass.createNonReturble(NonReturnableGatePass.java:19)
at WcTestCases.NonReturnableGatePass.createNonReturble(NonReturnableGatePass.java:19)
at WcTestCases.NonReturnableGatePass.createNonReturble(NonReturnableGatePass.java:19)
at WcTestCases.NonReturnableGatePass.createNonReturble(NonReturnableGatePass.java:19)
at WcTestCases.NonReturnableGatePass.createNonReturble(NonReturnableGatePass.java:19)
at WcTestCases.NonReturnableGatePass.createNonReturble(NonReturnableGatePass.java:19)
at WcTestCases.NonReturnableGatePass.createNonReturble(NonReturnableGatePass.java:19)
at WcTestCases.NonReturnableGatePass.createNonReturble(NonReturnableGatePass.java:19)
at WcTestCases.NonReturnableGatePass.createNonReturble(NonReturnableGatePass.java:19)
at WcTestCases.NonReturnableGatePass.createNonReturble(NonReturnableGatePass.java:19)
at WcTestCases.NonReturnableGatePass.createNonReturble(NonReturnableGatePass.java:19)
at WcTestCases.NonReturnableGatePass.createNonReturble(NonReturnableGatePass.java:19)
at WcTestCases.NonReturnableGatePass.createNonReturble(NonReturnableGatePass.java:19)
at WcTestCases.NonReturnableGatePass.createNonReturble(NonReturnableGatePass.java:19)
at WcTestCases.NonReturnableGatePass.createNonReturble(NonReturnableGatePass.java:19)
at WcTestCases.NonReturnableGatePass.createNonReturble(NonReturnableGatePass.java:19)
at WcTestCases.NonReturnableGatePass.createNonReturble(NonReturnableGatePass.java:19)
at WcTestCases.NonReturnableGatePass.createNonReturble(NonReturnableGatePass.java:19)
at WcTestCases.NonReturnableGatePass.createNonReturble(NonReturnableGatePass.java:19)
at WcTestCases.NonReturnableGatePass.createNonReturble(NonReturnableGatePass.java:19)
at WcTestCases.NonReturnableGatePass.createNonReturble(NonReturnableGatePass.java:19)
at WcTestCases.NonReturnableGatePass.createNonReturble(NonReturnableGatePass.java:19)
at WcTestCases.NonReturnableGatePass.createNonReturble(NonReturnableGatePass.java:19)
at WcTestCases.NonReturnableGatePass.createNonReturble(NonReturnableGatePass.java:19)
at WcTestCases.NonReturnableGatePass.createNonReturble(NonReturnableGatePass.java:19)
at WcTestCases.NonReturnableGatePass.createNonReturble(NonReturnableGatePass.java:19)
at WcTestCases.NonReturnableGatePass.createNonReturble(NonReturnableGatePass.java:19)
at WcTestCases.NonReturnableGatePass.createNonReturble(NonReturnableGatePass.java:19)
at WcTestCases.NonReturnableGatePass.createNonReturble(NonReturnableGatePass.java:19)
at WcTestCases.NonReturnableGatePass.createNonReturble(NonReturnableGatePass.java:19)
at WcTestCases.NonReturnableGatePass.createNonReturble(NonReturnableGatePass.java:19)
at WcTestCases.NonReturnableGatePass.createNonReturble(NonReturnableGatePass.java:19)
at WcTestCases.NonReturnableGatePass.createNonReturble(NonReturnableGatePass.java:19)
at WcTestCases.NonReturnableGatePass.createNonReturble(NonReturnableGatePass.java:19)
at WcTestCases.NonReturnableGatePass.createNonReturble(NonReturnableGatePass.java:19)
at WcTestCases.NonReturnableGatePass.createNonReturble(NonReturnableGatePass.java:19)
at WcTestCases.NonReturnableGatePass.createNonReturble(NonReturnableGatePass.java:19)
at WcTestCases.NonReturnableGatePass.createNonReturble(NonReturnableGatePass.java:19)
at WcTestCases.NonReturnableGatePass.createNonReturble(NonReturnableGatePass.java:19)
at WcTestCases.NonReturnableGatePass.createNonReturble(NonReturnableGatePass.java:19)
at WcTestCases.NonReturnableGatePass.createNonReturble(NonReturnableGatePass.java:19)
at WcTestCases.NonReturnableGatePass.createNonReturble(NonReturnableGatePass.java:19)
at WcTestCases.NonReturnableGatePass.createNonReturble(NonReturnableGatePass.java:19)
at WcTestCases.NonReturnableGatePass.createNonReturble(NonReturnableGatePass.java:19)
at WcTestCases.NonReturnableGatePass.createNonReturble(NonReturnableGatePass.java:19)
at WcTestCases.NonReturnableGatePass.createNonReturble(NonReturnableGatePass.java:19)
at WcTestCases.NonReturnableGatePass.createNonReturble(NonReturnableGatePass.java:19)
at WcTestCases.NonReturnableGatePass.createNonReturble(NonReturnableGatePass.java:19)
at WcTestCases.NonReturnableGatePass.createNonReturble(NonReturnableGatePass.java:19)
at WcTestCases.NonReturnableGatePass.createNonReturble(NonReturnableGatePass.java:19)
at WcTestCases.NonReturnableGatePass.createNonReturble(NonReturnableGatePass.java:19)
at WcTestCases.NonReturnableGatePass.createNonReturble(NonReturnableGatePass.java:19)
at WcTestCases.NonReturnableGatePass.createNonReturble(NonReturnableGatePass.java:19)
at WcTestCases.NonReturnableGatePass.createNonReturble(NonReturnableGatePass.java:19)
at WcTestCases.NonReturnableGatePass.createNonReturble(NonReturnableGatePass.java:19)
at WcTestCases.NonReturnableGatePass.createNonReturble(NonReturnableGatePass.java:19)
at WcTestCases.NonReturnableGatePass.createNonReturble(NonReturnableGatePass.java:19)
at WcTestCases.NonReturnableGatePass.createNonReturble(NonReturnableGatePass.java:19)
at WcTestCases.NonReturnableGatePass.createNonReturble(NonReturnableGatePass.java:19)
at WcTestCases.NonReturnableGatePass.createNonReturble(NonReturnableGatePass.java:19)
at WcTestCases.NonReturnableGatePass.createNonReturble(NonReturnableGatePass.java:19)
at WcTestCases.NonReturnableGatePass.createNonReturble(NonReturnableGatePass.java:19)
at WcTestCases.NonReturnableGatePass.createNonReturble(NonReturnableGatePass.java:19)
at WcTestCases.NonReturnableGatePass.createNonReturble(NonReturnableGatePass.java:19)
at WcTestCases.NonReturnableGatePass.createNonReturble(NonReturnableGatePass.java:19)
at WcTestCases.NonReturnableGatePass.createNonReturble(NonReturnableGatePass.java:19)
at WcTestCases.NonReturnableGatePass.createNonReturble(NonReturnableGatePass.java:19)
at WcTestCases.NonReturnableGatePass.createNonReturble(NonReturnableGatePass.java:19)
at WcTestCases.NonReturnableGatePass.createNonReturble(NonReturnableGatePass.java:19)
at WcTestCases.NonReturnableGatePass.createNonReturble(NonReturnableGatePass.java:19)
at WcTestCases.NonReturnableGatePass.createNonReturble(NonReturnableGatePass.java:19)
at WcTestCases.NonReturnableGatePass.createNonReturble(NonReturnableGatePass.java:19)
at WcTestCases.NonReturnableGatePass.createNonReturble(NonReturnableGatePass.java:19)
at WcTestCases.NonReturnableGatePass.createNonReturble(NonReturnableGatePass.java:19)
at WcTestCases.NonReturnableGatePass.createNonReturble(NonReturnableGatePass.java:19)
at WcTestCases.NonReturnableGatePass.createNonReturble(NonReturnableGatePass.java:19)
at WcTestCases.NonReturnableGatePass.createNonReturble(NonReturnableGatePass.java:19)
at WcTestCases.NonReturnableGatePass.createNonReturble(NonReturnableGatePass.java:19)
at WcTestCases.NonReturnableGatePass.createNonReturble(NonReturnableGatePass.java:19)
at WcTestCases.NonReturnableGatePass.createNonReturble(NonReturnableGatePass.java:19)
at WcTestCases.NonReturnableGatePass.createNonReturble(NonReturnableGatePass.java:19)
at WcTestCases.NonReturnableGatePass.createNonReturble(NonReturnableGatePass.java:19)
at WcTestCases.NonReturnableGatePass.createNonReturble(NonReturnableGatePass.java:19)
at WcTestCases.NonReturnableGatePass.createNonReturble(NonReturnableGatePass.java:19)
at WcTestCases.NonReturnableGatePass.createNonReturble(NonReturnableGatePass.java:19)
at WcTestCases.NonReturnableGatePass.createNonReturble(NonReturnableGatePass.java:19)
at WcTestCases.NonReturnableGatePass.createNonReturble(NonReturnableGatePass.java:19)
at WcTestCases.NonReturnableGatePass.createNonReturble(NonReturnableGatePass.java:19)
at WcTestCases.NonReturnableGatePass.createNonReturble(NonReturnableGatePass.java:19)
at WcTestCases.NonReturnableGatePass.createNonReturble(NonReturnableGatePass.java:19)
at WcTestCases.NonReturnableGatePass.createNonReturble(NonReturnableGatePass.java:19)
at WcTestCases.NonReturnableGatePass.createNonReturble(NonReturnableGatePass.java:19)
at WcTestCases.NonReturnableGatePass.createNonReturble(NonReturnableGatePass.java:19)
at WcTestCases.NonReturnableGatePass.createNonReturble(NonReturnableGatePass.java:19)
at WcTestCases.NonReturnableGatePass.createNonReturble(NonReturnableGatePass.java:19)
at WcTestCases.NonReturnableGatePass.createNonReturble(NonReturnableGatePass.java:19)
at WcTestCases.NonReturnableGatePass.createNonReturble(NonReturnableGatePass.java:19)
at WcTestCases.NonReturnableGatePass.createNonReturble(NonReturnableGatePass.java:19)
at WcTestCases.NonReturnableGatePass.createNonReturble(NonReturnableGatePass.java:19)
at WcTestCases.NonReturnableGatePass.createNonReturble(NonReturnableGatePass.java:19)
at WcTestCases.NonReturnableGatePass.createNonReturble(NonReturnableGatePass.java:19)
at WcTestCases.NonReturnableGatePass.createNonReturble(NonReturnableGatePass.java:19)
at WcTestCases.NonReturnableGatePass.createNonReturble(NonReturnableGatePass.java:19)
at WcTestCases.NonReturnableGatePass.createNonReturble(NonReturnableGatePass.java:19)
at WcTestCases.NonReturnableGatePass.createNonReturble(NonReturnableGatePass.java:19)
at WcTestCases.NonReturnableGatePass.createNonReturble(NonReturnableGatePass.java:19)
at WcTestCases.NonReturnableGatePass.createNonReturble(NonReturnableGatePass.java:19)
at WcTestCases.NonReturnableGatePass.createNonReturble(NonReturnableGatePass.java:19)
at WcTestCases.NonReturnableGatePass.createNonReturble(NonReturnableGatePass.java:19)
at WcTestCases.NonReturnableGatePass.createNonReturble(NonReturnableGatePass.java:19)
at WcTestCases.NonReturnableGatePass.createNonReturble(NonReturnableGatePass.java:19)
at WcTestCases.NonReturnableGatePass.createNonReturble(NonReturnableGatePass.java:19)
at WcTestCases.NonReturnableGatePass.createNonReturble(NonReturnableGatePass.java:19)
at WcTestCases.NonReturnableGatePass.createNonReturble(NonReturnableGatePass.java:19)
at WcTestCases.NonReturnableGatePass.createNonReturble(NonReturnableGatePass.java:19)
at WcTestCases.NonReturnableGatePass.createNonReturble(NonReturnableGatePass.java:19)
at WcTestCases.NonReturnableGatePass.createNonReturble(NonReturnableGatePass.java:19)
at WcTestCases.NonReturnableGatePass.createNonReturble(NonReturnableGatePass.java:19)
at WcTestCases.NonReturnableGatePass.createNonReturble(NonReturnableGatePass.java:19)
at WcTestCases.NonReturnableGatePass.createNonReturble(NonReturnableGatePass.java:19)
at WcTestCases.NonReturnableGatePass.createNonReturble(NonReturnableGatePass.java:19)
at WcTestCases.NonReturnableGatePass.createNonReturble(NonReturnableGatePass.java:19)
at WcTestCases.NonReturnableGatePass.createNonReturble(NonReturnableGatePass.java:19)
at WcTestCases.NonReturnableGatePass.createNonReturble(NonReturnableGatePass.java:19)
at WcTestCases.NonReturnableGatePass.createNonReturble(NonReturnableGatePass.java:19)
at WcTestCases.NonReturnableGatePass.createNonReturble(NonReturnableGatePass.java:19)
at WcTestCases.NonReturnableGatePass.createNonReturble(NonReturnableGatePass.java:19)
at WcTestCases.NonReturnableGatePass.createNonReturble(NonReturnableGatePass.java:19)
at WcTestCases.NonReturnableGatePass.createNonReturble(NonReturnableGatePass.java:19)
at WcTestCases.NonReturnableGatePass.createNonReturble(NonReturnableGatePass.java:19)
at WcTestCases.NonReturnableGatePass.createNonReturble(NonReturnableGatePass.java:19)
at WcTestCases.NonReturnableGatePass.createNonReturble(NonReturnableGatePass.java:19)
at WcTestCases.NonReturnableGatePass.createNonReturble(NonReturnableGatePass.java:19)
at WcTestCases.NonReturnableGatePass.createNonReturble(NonReturnableGatePass.java:19)
at WcTestCases.NonReturnableGatePass.createNonReturble(NonReturnableGatePass.java:19)
at WcTestCases.NonReturnableGatePass.createNonReturble(NonReturnableGatePass.java:19)
at WcTestCases.NonReturnableGatePass.createNonReturble(NonReturnableGatePass.java:19)
at WcTestCases.NonReturnableGatePass.createNonReturble(NonReturnableGatePass.java:19)
at WcTestCases.NonReturnableGatePass.createNonReturble(NonReturnableGatePass.java:19)
at WcTestCases.NonReturnableGatePass.createNonReturble(NonReturnableGatePass.java:19)
at WcTestCases.NonReturnableGatePass.createNonReturble(NonReturnableGatePass.java:19)
at WcTestCases.NonReturnableGatePass.createNonReturble(NonReturnableGatePass.java:19)
at WcTestCases.NonReturnableGatePass.createNonReturble(NonReturnableGatePass.java:19)
at WcTestCases.NonReturnableGatePass.createNonReturble(NonReturnableGatePass.java:19)
at WcTestCases.NonReturnableGatePass.createNonReturble(NonReturnableGatePass.java:19)
at WcTestCases.NonReturnableGatePass.createNonReturble(NonReturnableGatePass.java:19)
at WcTestCases.NonReturnableGatePass.createNonReturble(NonReturnableGatePass.java:19)
at WcTestCases.NonReturnableGatePass.createNonReturble(NonReturnableGatePass.java:19)
at WcTestCases.NonReturnableGatePass.createNonReturble(NonReturnableGatePass.java:19)
at WcTestCases.NonReturnableGatePass.createNonReturble(NonReturnableGatePass.java:19)
at WcTestCases.NonReturnableGatePass.createNonReturble(NonReturnableGatePass.java:19)
at WcTestCases.NonReturnableGatePass.createNonReturble(NonReturnableGatePass.java:19)
at WcTestCases.NonReturnableGatePass.createNonReturble(NonReturnableGatePass.java:19)
at WcTestCases.NonReturnableGatePass.createNonReturble(NonReturnableGatePass.java:19)
at WcTestCases.NonReturnableGatePass.createNonReturble(NonReturnableGatePass.java:19)
at WcTestCases.NonReturnableGatePass.createNonReturble(NonReturnableGatePass.java:19)
at WcTestCases.NonReturnableGatePass.createNonReturble(NonReturnableGatePass.java:19)
at WcTestCases.NonReturnableGatePass.createNonReturble(NonReturnableGatePass.java:19)
at WcTestCases.NonReturnableGatePass.createNonReturble(NonReturnableGatePass.java:19)
at WcTestCases.NonReturnableGatePass.createNonReturble(NonReturnableGatePass.java:19)
at WcTestCases.NonReturnableGatePass.createNonReturble(NonReturnableGatePass.java:19)
at WcTestCases.NonReturnableGatePass.createNonReturble(NonReturnableGatePass.java:19)
at WcTestCases.NonReturnableGatePass.createNonReturble(NonReturnableGatePass.java:19)
at WcTestCases.NonReturnableGatePass.createNonReturble(NonReturnableGatePass.java:19)
at WcTestCases.NonReturnableGatePass.createNonReturble(NonReturnableGatePass.java:19)
at WcTestCases.NonReturnableGatePass.createNonReturble(NonReturnableGatePass.java:19)
at WcTestCases.NonReturnableGatePass.createNonReturble(NonReturnableGatePass.java:19)
at WcTestCases.NonReturnableGatePass.createNonReturble(NonReturnableGatePass.java:19)
at WcTestCases.NonReturnableGatePass.createNonReturble(NonReturnableGatePass.java:19)
at WcTestCases.NonReturnableGatePass.createNonReturble(NonReturnableGatePass.java:19)
at WcTestCases.NonReturnableGatePass.createNonReturble(NonReturnableGatePass.java:19)
at WcTestCases.NonReturnableGatePass.createNonReturble(NonReturnableGatePass.java:19)
at WcTestCases.NonReturnableGatePass.createNonReturble(NonReturnableGatePass.java:19)
at WcTestCases.NonReturnableGatePass.createNonReturble(NonReturnableGatePass.java:19)
at WcTestCases.NonReturnableGatePass.createNonReturble(NonReturnableGatePass.java:19)
at WcTestCases.NonReturnableGatePass.createNonReturble(NonReturnableGatePass.java:19)
at WcTestCases.NonReturnableGatePass.createNonReturble(NonReturnableGatePass.java:19)
at WcTestCases.NonReturnableGatePass.createNonReturble(NonReturnableGatePass.java:19)
at WcTestCases.NonReturnableGatePass.createNonReturble(NonReturnableGatePass.java:19)
at WcTestCases.NonReturnableGatePass.createNonReturble(NonReturnableGatePass.java:19)
at WcTestCases.NonReturnableGatePass.createNonReturble(NonReturnableGatePass.java:19)
at WcTestCases.NonReturnableGatePass.createNonReturble(NonReturnableGatePass.java:19)
at WcTestCases.NonReturnableGatePass.createNonReturble(NonReturnableGatePass.java:19)
at WcTestCases.NonReturnableGatePass.createNonReturble(NonReturnableGatePass.java:19)
at WcTestCases.NonReturnableGatePass.createNonReturble(NonReturnableGatePass.java:19)
at WcTestCases.NonReturnableGatePass.createNonReturble(NonReturnableGatePass.java:19)
at WcTestCases.NonReturnableGatePass.createNonReturble(NonReturnableGatePass.java:19)
at WcTestCases.NonReturnableGatePass.createNonReturble(NonReturnableGatePass.java:19)
at WcTestCases.NonReturnableGatePass.createNonReturble(NonReturnableGatePass.java:19)
at WcTestCases.NonReturnableGatePass.createNonReturble(NonReturnableGatePass.java:19)
at WcTestCases.NonReturnableGatePass.createNonReturble(NonReturnableGatePass.java:19)
at WcTestCases.NonReturnableGatePass.createNonReturble(NonReturnableGatePass.java:19)
at WcTestCases.NonReturnableGatePass.createNonReturble(NonReturnableGatePass.java:19)
at WcTestCases.NonReturnableGatePass.createNonReturble(NonReturnableGatePass.java:19)
at WcTestCases.NonReturnableGatePass.createNonReturble(NonReturnableGatePass.java:19)
at WcTestCases.NonReturnableGatePass.createNonReturble(NonReturnableGatePass.java:19)
at WcTestCases.NonReturnableGatePass.createNonReturble(NonReturnableGatePass.java:19)
at WcTestCases.NonReturnableGatePass.createNonReturble(NonReturnableGatePass.java:19)
at WcTestCases.NonReturnableGatePass.createNonReturble(NonReturnableGatePass.java:19)
at WcTestCases.NonReturnableGatePass.createNonReturble(NonReturnableGatePass.java:19)
at WcTestCases.NonReturnableGatePass.createNonReturble(NonReturnableGatePass.java:19)
at WcTestCases.NonReturnableGatePass.createNonReturble(NonReturnableGatePass.java:19)
at WcTestCases.NonReturnableGatePass.createNonReturble(NonReturnableGatePass.java:19)
at WcTestCases.NonReturnableGatePass.createNonReturble(NonReturnableGatePass.java:19)
at WcTestCases.NonReturnableGatePass.createNonReturble(NonReturnableGatePass.java:19)
at WcTestCases.NonReturnableGatePass.createNonReturble(NonReturnableGatePass.java:19)
at WcTestCases.NonReturnableGatePass.createNonReturble(NonReturnableGatePass.java:19)
at WcTestCases.NonReturnableGatePass.createNonReturble(NonReturnableGatePass.java:19)
at WcTestCases.NonReturnableGatePass.createNonReturble(NonReturnableGatePass.java:19)
at WcTestCases.NonReturnableGatePass.createNonReturble(NonReturnableGatePass.java:19)
at WcTestCases.NonReturnableGatePass.createNonReturble(NonReturnableGatePass.java:19)
at WcTestCases.NonReturnableGatePass.createNonReturble(NonReturnableGatePass.java:19)
at WcTestCases.NonReturnableGatePass.createNonReturble(NonReturnableGatePass.java:19)
at WcTestCases.NonReturnableGatePass.createNonReturble(NonReturnableGatePass.java:19)
at WcTestCases.NonReturnableGatePass.createNonReturble(NonReturnableGatePass.java:19)
at WcTestCases.NonReturnableGatePass.createNonReturble(NonReturnableGatePass.java:19)
at WcTestCases.NonReturnableGatePass.createNonReturble(NonReturnableGatePass.java:19)
at WcTestCases.NonReturnableGatePass.createNonReturble(NonReturnableGatePass.java:19)
at WcTestCases.NonReturnableGatePass.createNonReturble(NonReturnableGatePass.java:19)
at WcTestCases.NonReturnableGatePass.createNonReturble(NonReturnableGatePass.java:19)
at WcTestCases.NonReturnableGatePass.createNonReturble(NonReturnableGatePass.java:19)
at WcTestCases.NonReturnableGatePass.createNonReturble(NonReturnableGatePass.java:19)
at WcTestCases.NonReturnableGatePass.createNonReturble(NonReturnableGatePass.java:19)
at WcTestCases.NonReturnableGatePass.createNonReturble(NonReturnableGatePass.java:19)
at WcTestCases.NonReturnableGatePass.createNonReturble(NonReturnableGatePass.java:19)
at WcTestCases.NonReturnableGatePass.createNonReturble(NonReturnableGatePass.java:19)
at WcTestCases.NonReturnableGatePass.createNonReturble(NonReturnableGatePass.java:19)
at WcTestCases.NonReturnableGatePass.createNonReturble(NonReturnableGatePass.java:19)
at WcTestCases.NonReturnableGatePass.createNonReturble(NonReturnableGatePass.java:19)
at WcTestCases.NonReturnableGatePass.createNonReturble(NonReturnableGatePass.java:19)
at WcTestCases.NonReturnableGatePass.createNonReturble(NonReturnableGatePass.java:19)
at WcTestCases.NonReturnableGatePass.createNonReturble(NonReturnableGatePass.java:19)
at WcTestCases.NonReturnableGatePass.createNonReturble(NonReturnableGatePass.java:19)
at WcTestCases.NonReturnableGatePass.createNonReturble(NonReturnableGatePass.java:19)
at WcTestCases.NonReturnableGatePass.createNonReturble(NonReturnableGatePass.java:19)
at WcTestCases.NonReturnableGatePass.createNonReturble(NonReturnableGatePass.java:19)
at WcTestCases.NonReturnableGatePass.createNonReturble(NonReturnableGatePass.java:19)
at WcTestCases.NonReturnableGatePass.createNonReturble(NonReturnableGatePass.java:19)
at WcTestCases.NonReturnableGatePass.createNonReturble(NonReturnableGatePass.java:19)
at WcTestCases.NonReturnableGatePass.createNonReturble(NonReturnableGatePass.java:19)
at WcTestCases.NonReturnableGatePass.createNonReturble(NonReturnableGatePass.java:19)
at WcTestCases.NonReturnableGatePass.createNonReturble(NonReturnableGatePass.java:19)
at WcTestCases.NonReturnableGatePass.createNonReturble(NonReturnableGatePass.java:19)
at WcTestCases.NonReturnableGatePass.createNonReturble(NonReturnableGatePass.java:19)
at WcTestCases.NonReturnableGatePass.createNonReturble(NonReturnableGatePass.java:19)
at WcTestCases.NonReturnableGatePass.createNonReturble(NonReturnableGatePass.java:19)
at WcTestCases.NonReturnableGatePass.createNonReturble(NonReturnableGatePass.java:19)
at WcTestCases.NonReturnableGatePass.createNonReturble(NonReturnableGatePass.java:19)
at WcTestCases.NonReturnableGatePass.createNonReturble(NonReturnableGatePass.java:19)
at WcTestCases.NonReturnableGatePass.createNonReturble(NonReturnableGatePass.java:19)
at WcTestCases.NonReturnableGatePass.createNonReturble(NonReturnableGatePass.java:19)
at WcTestCases.NonReturnableGatePass.createNonReturble(NonReturnableGatePass.java:19)
at WcTestCases.NonReturnableGatePass.createNonReturble(NonReturnableGatePass.java:19)
at WcTestCases.NonReturnableGatePass.createNonReturble(NonReturnableGatePass.java:19)
at WcTestCases.NonReturnableGatePass.createNonReturble(NonReturnableGatePass.java:19)
at WcTestCases.NonReturnableGatePass.createNonReturble(NonReturnableGatePass.java:19)
at WcTestCases.NonReturnableGatePass.createNonReturble(NonReturnableGatePass.java:19)
at WcTestCases.NonReturnableGatePass.createNonReturble(NonReturnableGatePass.java:19)
at WcTestCases.NonReturnableGatePass.createNonReturble(NonReturnableGatePass.java:19)
at WcTestCases.NonReturnableGatePass.createNonReturble(NonReturnableGatePass.java:19)
at WcTestCases.NonReturnableGatePass.createNonReturble(NonReturnableGatePass.java:19)
at WcTestCases.NonReturnableGatePass.createNonReturble(NonReturnableGatePass.java:19)
at WcTestCases.NonReturnableGatePass.createNonReturble(NonReturnableGatePass.java:19)
at WcTestCases.NonReturnableGatePass.createNonReturble(NonReturnableGatePass.java:19)
at WcTestCases.NonReturnableGatePass.createNonReturble(NonReturnableGatePass.java:19)
at WcTestCases.NonReturnableGatePass.createNonReturble(NonReturnableGatePass.java:19)
at WcTestCases.NonReturnableGatePass.createNonReturble(NonReturnableGatePass.java:19)
at WcTestCases.NonReturnableGatePass.createNonReturble(NonReturnableGatePass.java:19)
at WcTestCases.NonReturnableGatePass.createNonReturble(NonReturnableGatePass.java:19)
at WcTestCases.NonReturnableGatePass.createNonReturble(NonReturnableGatePass.java:19)
at WcTestCases.NonReturnableGatePass.createNonReturble(NonReturnableGatePass.java:19)
at WcTestCases.NonReturnableGatePass.createNonReturble(NonReturnableGatePass.java:19)
at WcTestCases.NonReturnableGatePass.createNonReturble(NonReturnableGatePass.java:19)
at WcTestCases.NonReturnableGatePass.createNonReturble(NonReturnableGatePass.java:19)
at WcTestCases.NonReturnableGatePass.createNonReturble(NonReturnableGatePass.java:19)
at WcTestCases.NonReturnableGatePass.createNonReturble(NonReturnableGatePass.java:19)
at WcTestCases.NonReturnableGatePass.createNonReturble(NonReturnableGatePass.java:19)
at WcTestCases.NonReturnableGatePass.createNonReturble(NonReturnableGatePass.java:19)
at WcTestCases.NonReturnableGatePass.createNonReturble(NonReturnableGatePass.java:19)
at WcTestCases.NonReturnableGatePass.createNonReturble(NonReturnableGatePass.java:19)
at WcTestCases.NonReturnableGatePass.createNonReturble(NonReturnableGatePass.java:19)
at WcTestCases.NonReturnableGatePass.createNonReturble(NonReturnableGatePass.java:19)
at WcTestCases.NonReturnableGatePass.createNonReturble(NonReturnableGatePass.java:19)
at WcTestCases.NonReturnableGatePass.createNonReturble(NonReturnableGatePass.java:19)
at WcTestCases.NonReturnableGatePass.createNonReturble(NonReturnableGatePass.java:19)
at WcTestCases.NonReturnableGatePass.createNonReturble(NonReturnableGatePass.java:19)
at WcTestCases.NonReturnableGatePass.createNonReturble(NonReturnableGatePass.java:19)
at WcTestCases.NonReturnableGatePass.createNonReturble(NonReturnableGatePass.java:19)
at WcTestCases.NonReturnableGatePass.createNonReturble(NonReturnableGatePass.java:19)
at WcTestCases.NonReturnableGatePass.createNonReturble(NonReturnableGatePass.java:19)
at WcTestCases.NonReturnableGatePass.createNonReturble(NonReturnableGatePass.java:19)
at WcTestCases.NonReturnableGatePass.createNonReturble(NonReturnableGatePass.java:19)
at WcTestCases.NonReturnableGatePass.createNonReturble(NonReturnableGatePass.java:19)
at WcTestCases.NonReturnableGatePass.createNonReturble(NonReturnableGatePass.java:19)
at WcTestCases.NonReturnableGatePass.createNonReturble(NonReturnableGatePass.java:19)
at WcTestCases.NonReturnableGatePass.createNonReturble(NonReturnableGatePass.java:19)
at WcTestCases.NonReturnableGatePass.createNonReturble(NonReturnableGatePass.java:19)
at WcTestCases.NonReturnableGatePass.createNonReturble(NonReturnableGatePass.java:19)
at WcTestCases.NonReturnableGatePass.createNonReturble(NonReturnableGatePass.java:19)
at WcTestCases.NonReturnableGatePass.createNonReturble(NonReturnableGatePass.java:19)
at WcTestCases.NonReturnableGatePass.createNonReturble(NonReturnableGatePass.java:19)
at WcTestCases.NonReturnableGatePass.createNonReturble(NonReturnableGatePass.java:19)
at WcTestCases.NonReturnableGatePass.createNonReturble(NonReturnableGatePass.java:19)
at WcTestCases.NonReturnableGatePass.createNonReturble(NonReturnableGatePass.java:19)
at WcTestCases.NonReturnableGatePass.createNonReturble(NonReturnableGatePass.java:19)
at WcTestCases.NonReturnableGatePass.createNonReturble(NonReturnableGatePass.java:19)
at WcTestCases.NonReturnableGatePass.createNonReturble(NonReturnableGatePass.java:19)
at WcTestCases.NonReturnableGatePass.createNonReturble(NonReturnableGatePass.java:19)
at WcTestCases.NonReturnableGatePass.createNonReturble(NonReturnableGatePass.java:19)
at WcTestCases.NonReturnableGatePass.createNonReturble(NonReturnableGatePass.java:19)
at WcTestCases.NonReturnableGatePass.createNonReturble(NonReturnableGatePass.java:19)
at WcTestCases.NonReturnableGatePass.createNonReturble(NonReturnableGatePass.java:19)
at WcTestCases.NonReturnableGatePass.createNonReturble(NonReturnableGatePass.java:19)
at WcTestCases.NonReturnableGatePass.createNonReturble(NonReturnableGatePass.java:19)
at WcTestCases.NonReturnableGatePass.createNonReturble(NonReturnableGatePass.java:19)
at WcTestCases.NonReturnableGatePass.createNonReturble(NonReturnableGatePass.java:19)
at WcTestCases.NonReturnableGatePass.createNonReturble(NonReturnableGatePass.java:19)
at WcTestCases.NonReturnableGatePass.createNonReturble(NonReturnableGatePass.java:19)
at WcTestCases.NonReturnableGatePass.createNonReturble(NonReturnableGatePass.java:19)
at WcTestCases.NonReturnableGatePass.createNonReturble(NonReturnableGatePass.java:19)
at WcTestCases.NonReturnableGatePass.createNonReturble(NonReturnableGatePass.java:19)
at WcTestCases.NonReturnableGatePass.createNonReturble(NonReturnableGatePass.java:19)
at WcTestCases.NonReturnableGatePass.createNonReturble(NonReturnableGatePass.java:19)
at WcTestCases.NonReturnableGatePass.createNonReturble(NonReturnableGatePass.java:19)
at WcTestCases.NonReturnableGatePass.createNonReturble(NonReturnableGatePass.java:19)
at WcTestCases.NonReturnableGatePass.createNonReturble(NonReturnableGatePass.java:19)
at WcTestCases.NonReturnableGatePass.createNonReturble(NonReturnableGatePass.java:19)
at WcTestCases.NonReturnableGatePass.createNonReturble(NonReturnableGatePass.java:19)
at WcTestCases.NonReturnableGatePass.createNonReturble(NonReturnableGatePass.java:19)
at WcTestCases.NonReturnableGatePass.createNonReturble(NonReturnableGatePass.java:19)
at WcTestCases.NonReturnableGatePass.createNonReturble(NonReturnableGatePass.java:19)
at WcTestCases.NonReturnableGatePass.createNonReturble(NonReturnableGatePass.java:19)
at WcTestCases.NonReturnableGatePass.createNonReturble(NonReturnableGatePass.java:19)
at WcTestCases.NonReturnableGatePass.createNonReturble(NonReturnableGatePass.java:19)
at WcTestCases.NonReturnableGatePass.createNonReturble(NonReturnableGatePass.java:19)
at WcTestCases.NonReturnableGatePass.createNonReturble(NonReturnableGatePass.java:19)
at WcTestCases.NonReturnableGatePass.createNonReturble(NonReturnableGatePass.java:19)
at WcTestCases.NonReturnableGatePass.createNonReturble(NonReturnableGatePass.java:19)
at WcTestCases.NonReturnableGatePass.createNonReturble(NonReturnableGatePass.java:19)
at WcTestCases.NonReturnableGatePass.createNonReturble(NonReturnableGatePass.java:19)
at WcTestCases.NonReturnableGatePass.createNonReturble(NonReturnableGatePass.java:19)
at WcTestCases.NonReturnableGatePass.createNonReturble(NonReturnableGatePass.java:19)
at WcTestCases.NonReturnableGatePass.createNonReturble(NonReturnableGatePass.java:19)
at WcTestCases.NonReturnableGatePass.createNonReturble(NonReturnableGatePass.java:19)
at WcTestCases.NonReturnableGatePass.createNonReturble(NonReturnableGatePass.java:19)
at WcTestCases.NonReturnableGatePass.createNonReturble(NonReturnableGatePass.java:19)
at WcTestCases.NonReturnableGatePass.createNonReturble(NonReturnableGatePass.java:19)
at WcTestCases.NonReturnableGatePass.createNonReturble(NonReturnableGatePass.java:19)
at WcTestCases.NonReturnableGatePass.createNonReturble(NonReturnableGatePass.java:19)
at WcTestCases.NonReturnableGatePass.createNonReturble(NonReturnableGatePass.java:19)
at WcTestCases.NonReturnableGatePass.createNonReturble(NonReturnableGatePass.java:19)
at WcTestCases.NonReturnableGatePass.createNonReturble(NonReturnableGatePass.java:19)
at WcTestCases.NonReturnableGatePass.createNonReturble(NonReturnableGatePass.java:19)
at WcTestCases.NonReturnableGatePass.createNonReturble(NonReturnableGatePass.java:19)
at WcTestCases.NonReturnableGatePass.createNonReturble(NonReturnableGatePass.java:19)
at WcTestCases.NonReturnableGatePass.createNonReturble(NonReturnableGatePass.java:19)
at WcTestCases.NonReturnableGatePass.createNonReturble(NonReturnableGatePass.java:19)
at WcTestCases.NonReturnableGatePass.createNonReturble(NonReturnableGatePass.java:19)
at WcTestCases.NonReturnableGatePass.createNonReturble(NonReturnableGatePass.java:19)
at WcTestCases.NonReturnableGatePass.createNonReturble(NonReturnableGatePass.java:19)
at WcTestCases.NonReturnableGatePass.createNonReturble(NonReturnableGatePass.java:19)
at WcTestCases.NonReturnableGatePass.createNonReturble(NonReturnableGatePass.java:19)
at WcTestCases.NonReturnableGatePass.createNonReturble(NonReturnableGatePass.java:19)
at WcTestCases.NonReturnableGatePass.createNonReturble(NonReturnableGatePass.java:19)
at WcTestCases.NonReturnableGatePass.createNonReturble(NonReturnableGatePass.java:19)
at WcTestCases.NonReturnableGatePass.createNonReturble(NonReturnableGatePass.java:19)
at WcTestCases.NonReturnableGatePass.createNonReturble(NonReturnableGatePass.java:19)
at WcTestCases.NonReturnableGatePass.createNonReturble(NonReturnableGatePass.java:19)
at WcTestCases.NonReturnableGatePass.createNonReturble(NonReturnableGatePass.java:19)
at WcTestCases.NonReturnableGatePass.createNonReturble(NonReturnableGatePass.java:19)
at WcTestCases.NonReturnableGatePass.createNonReturble(NonReturnableGatePass.java:19)
at WcTestCases.NonReturnableGatePass.createNonReturble(NonReturnableGatePass.java:19)
at WcTestCases.NonReturnableGatePass.createNonReturble(NonReturnableGatePass.java:19)
at WcTestCases.NonReturnableGatePass.createNonReturble(NonReturnableGatePass.java:19)
at WcTestCases.NonReturnableGatePass.createNonReturble(NonReturnableGatePass.java:19)
at WcTestCases.NonReturnableGatePass.createNonReturble(NonReturnableGatePass.java:19)
at WcTestCases.NonReturnableGatePass.createNonReturble(NonReturnableGatePass.java:19)
at WcTestCases.NonReturnableGatePass.createNonReturble(NonReturnableGatePass.java:19)
at WcTestCases.NonReturnableGatePass.createNonReturble(NonReturnableGatePass.java:19)
at WcTestCases.NonReturnableGatePass.createNonReturble(NonReturnableGatePass.java:19)
at WcTestCases.NonReturnableGatePass.createNonReturble(NonReturnableGatePass.java:19)
at WcTestCases.NonReturnableGatePass.createNonReturble(NonReturnableGatePass.java:19)
at WcTestCases.NonReturnableGatePass.createNonReturble(NonReturnableGatePass.java:19)
at WcTestCases.NonReturnableGatePass.createNonReturble(NonReturnableGatePass.java:19)
at WcTestCases.NonReturnableGatePass.createNonReturble(NonReturnableGatePass.java:19)
at WcTestCases.NonReturnableGatePass.createNonReturble(NonReturnableGatePass.java:19)
at WcTestCases.NonReturnableGatePass.createNonReturble(NonReturnableGatePass.java:19)
at WcTestCases.NonReturnableGatePass.createNonReturble(NonReturnableGatePass.java:19)
at WcTestCases.NonReturnableGatePass.createNonReturble(NonReturnableGatePass.java:19)
at WcTestCases.NonReturnableGatePass.createNonReturble(NonReturnableGatePass.java:19)
at WcTestCases.NonReturnableGatePass.createNonReturble(NonReturnableGatePass.java:19)
at WcTestCases.NonReturnableGatePass.createNonReturble(NonReturnableGatePass.java:19)
at WcTestCases.NonReturnableGatePass.createNonReturble(NonReturnableGatePass.java:19)
at WcTestCases.NonReturnableGatePass.createNonReturble(NonReturnableGatePass.java:19)
at WcTestCases.NonReturnableGatePass.createNonReturble(NonReturnableGatePass.java:19)
at WcTestCases.NonReturnableGatePass.createNonReturble(NonReturnableGatePass.java:19)
at WcTestCases.NonReturnableGatePass.createNonReturble(NonReturnableGatePass.java:19)
at WcTestCases.NonReturnableGatePass.createNonReturble(NonReturnableGatePass.java:19)
at WcTestCases.NonReturnableGatePass.createNonReturble(NonReturnableGatePass.java:19)
at WcTestCases.NonReturnableGatePass.createNonReturble(NonReturnableGatePass.java:19)
at WcTestCases.NonReturnableGatePass.createNonReturble(NonReturnableGatePass.java:19)
at WcTestCases.NonReturnableGatePass.createNonReturble(NonReturnableGatePass.java:19)
at WcTestCases.NonReturnableGatePass.createNonReturble(NonReturnableGatePass.java:19)
at WcTestCases.NonReturnableGatePass.createNonReturble(NonReturnableGatePass.java:19)
at WcTestCases.NonReturnableGatePass.createNonReturble(NonReturnableGatePass.java:19)
at WcTestCases.NonReturnableGatePass.createNonReturble(NonReturnableGatePass.java:19)
at WcTestCases.NonReturnableGatePass.createNonReturble(NonReturnableGatePass.java:19)
at WcTestCases.NonReturnableGatePass.createNonReturble(NonReturnableGatePass.java:19)
at WcTestCases.NonReturnableGatePass.createNonReturble(NonReturnableGatePass.java:19)
at WcTestCases.NonReturnableGatePass.createNonReturble(NonReturnableGatePass.java:19)
at WcTestCases.NonReturnableGatePass.createNonReturble(NonReturnableGatePass.java:19)
at WcTestCases.NonReturnableGatePass.createNonReturble(NonReturnableGatePass.java:19)
at WcTestCases.NonReturnableGatePass.createNonReturble(NonReturnableGatePass.java:19)
at WcTestCases.NonReturnableGatePass.createNonReturble(NonReturnableGatePass.java:19)
at WcTestCases.NonReturnableGatePass.createNonReturble(NonReturnableGatePass.java:19)
at WcTestCases.NonReturnableGatePass.createNonReturble(NonReturnableGatePass.java:19)
at WcTestCases.NonReturnableGatePass.createNonReturble(NonReturnableGatePass.java:19)
at WcTestCases.NonReturnableGatePass.createNonReturble(NonReturnableGatePass.java:19)
at WcTestCases.NonReturnableGatePass.createNonReturble(NonReturnableGatePass.java:19)
at WcTestCases.NonReturnableGatePass.createNonReturble(NonReturnableGatePass.java:19)
at WcTestCases.NonReturnableGatePass.createNonReturble(NonReturnableGatePass.java:19)
at WcTestCases.NonReturnableGatePass.createNonReturble(NonReturnableGatePass.java:19)
at WcTestCases.NonReturnableGatePass.createNonReturble(NonReturnableGatePass.java:19)
at WcTestCases.NonReturnableGatePass.createNonReturble(NonReturnableGatePass.java:19)
at WcTestCases.NonReturnableGatePass.createNonReturble(NonReturnableGatePass.java:19)
at WcTestCases.NonReturnableGatePass.createNonReturble(NonReturnableGatePass.java:19)
at WcTestCases.NonReturnableGatePass.createNonReturble(NonReturnableGatePass.java:19)
at WcTestCases.NonReturnableGatePass.createNonReturble(NonReturnableGatePass.java:19)
at WcTestCases.NonReturnableGatePass.createNonReturble(NonReturnableGatePass.java:19)
at WcTestCases.NonReturnableGatePass.createNonReturble(NonReturnableGatePass.java:19)
at WcTestCases.NonReturnableGatePass.createNonReturble(NonReturnableGatePass.java:19)
at WcTestCases.NonReturnableGatePass.createNonReturble(NonReturnableGatePass.java:19)
at WcTestCases.NonReturnableGatePass.createNonReturble(NonReturnableGatePass.java:19)
at WcTestCases.NonReturnableGatePass.createNonReturble(NonReturnableGatePass.java:19)
at WcTestCases.NonReturnableGatePass.createNonReturble(NonReturnableGatePass.java:19)
at WcTestCases.NonReturnableGatePass.createNonReturble(NonReturnableGatePass.java:19)
at WcTestCases.NonReturnableGatePass.createNonReturble(NonReturnableGatePass.java:19)
at WcTestCases.NonReturnableGatePass.createNonReturble(NonReturnableGatePass.java:19)
at WcTestCases.NonReturnableGatePass.createNonReturble(NonReturnableGatePass.java:19)
at WcTestCases.NonReturnableGatePass.createNonReturble(NonReturnableGatePass.java:19)
at WcTestCases.NonReturnableGatePass.createNonReturble(NonReturnableGatePass.java:19)
at WcTestCases.NonReturnableGatePass.createNonReturble(NonReturnableGatePass.java:19)
at WcTestCases.NonReturnableGatePass.createNonReturble(NonReturnableGatePass.java:19)
at WcTestCases.NonReturnableGatePass.createNonReturble(NonReturnableGatePass.java:19)
at WcTestCases.NonReturnableGatePass.createNonReturble(NonReturnableGatePass.java:19)
at WcTestCases.NonReturnableGatePass.createNonReturble(NonReturnableGatePass.java:19)
at WcTestCases.NonReturnableGatePass.createNonReturble(NonReturnableGatePass.java:19)
at WcTestCases.NonReturnableGatePass.createNonReturble(NonReturnableGatePass.java:19)
at WcTestCases.NonReturnableGatePass.createNonReturble(NonReturnableGatePass.java:19)
at WcTestCases.NonReturnableGatePass.createNonReturble(NonReturnableGatePass.java:19)
at WcTestCases.NonReturnableGatePass.createNonReturble(NonReturnableGatePass.java:19)
at WcTestCases.NonReturnableGatePass.createNonReturble(NonReturnableGatePass.java:19)
at WcTestCases.NonReturnableGatePass.createNonReturble(NonReturnableGatePass.java:19)
at WcTestCases.NonReturnableGatePass.createNonReturble(NonReturnableGatePass.java:19)
at WcTestCases.NonReturnableGatePass.createNonReturble(NonReturnableGatePass.java:19)
at WcTestCases.NonReturnableGatePass.createNonReturble(NonReturnableGatePass.java:19)
at WcTestCases.NonReturnableGatePass.createNonReturble(NonReturnableGatePass.java:19)
at WcTestCases.NonReturnableGatePass.createNonReturble(NonReturnableGatePass.java:19)
at WcTestCases.NonReturnableGatePass.createNonReturble(NonReturnableGatePass.java:19)
at WcTestCases.NonReturnableGatePass.createNonReturble(NonReturnableGatePass.java:19)
at WcTestCases.NonReturnableGatePass.createNonReturble(NonReturnableGatePass.java:19)
at WcTestCases.NonReturnableGatePass.createNonReturble(NonReturnableGatePass.java:19)
at WcTestCases.NonReturnableGatePass.createNonReturble(NonReturnableGatePass.java:19)
at WcTestCases.NonReturnableGatePass.createNonReturble(NonReturnableGatePass.java:19)
at WcTestCases.NonReturnableGatePass.createNonReturble(NonReturnableGatePass.java:19)
at WcTestCases.NonReturnableGatePass.createNonReturble(NonReturnableGatePass.java:19)
at WcTestCases.NonReturnableGatePass.createNonReturble(NonReturnableGatePass.java:19)
at WcTestCases.NonReturnableGatePass.createNonReturble(NonReturnableGatePass.java:19)
at WcTestCases.NonReturnableGatePass.createNonReturble(NonReturnableGatePass.java:19)
at WcTestCases.NonReturnableGatePass.createNonReturble(NonReturnableGatePass.java:19)
at WcTestCases.NonReturnableGatePass.createNonReturble(NonReturnableGatePass.java:19)
at WcTestCases.NonReturnableGatePass.createNonReturble(NonReturnableGatePass.java:19)
at WcTestCases.NonReturnableGatePass.createNonReturble(NonReturnableGatePass.java:19)
at WcTestCases.NonReturnableGatePass.createNonReturble(NonReturnableGatePass.java:19)
at WcTestCases.NonReturnableGatePass.createNonReturble(NonReturnableGatePass.java:19)
at WcTestCases.NonReturnableGatePass.createNonReturble(NonReturnableGatePass.java:19)
at WcTestCases.NonReturnableGatePass.createNonReturble(NonReturnableGatePass.java:19)
at WcTestCases.NonReturnableGatePass.createNonReturble(NonReturnableGatePass.java:19)
at WcTestCases.NonReturnableGatePass.createNonReturble(NonReturnableGatePass.java:19)
at WcTestCases.NonReturnableGatePass.createNonReturble(NonReturnableGatePass.java:19)
at WcTestCases.NonReturnableGatePass.createNonReturble(NonReturnableGatePass.java:19)
at WcTestCases.NonReturnableGatePass.createNonReturble(NonReturnableGatePass.java:19)
at WcTestCases.NonReturnableGatePass.createNonReturble(NonReturnableGatePass.java:19)
at WcTestCases.NonReturnableGatePass.createNonReturble(NonReturnableGatePass.java:19)
at WcTestCases.NonReturnableGatePass.createNonReturble(NonReturnableGatePass.java:19)
at WcTestCases.NonReturnableGatePass.createNonReturble(NonReturnableGatePass.java:19)
at WcTestCases.NonReturnableGatePass.createNonReturble(NonReturnableGatePass.java:19)
at WcTestCases.NonReturnableGatePass.createNonReturble(NonReturnableGatePass.java:19)
at WcTestCases.NonReturnableGatePass.createNonReturble(NonReturnableGatePass.java:19)
at WcTestCases.NonReturnableGatePass.createNonReturble(NonReturnableGatePass.java:19)
at WcTestCases.NonReturnableGatePass.createNonReturble(NonReturnableGatePass.java:19)
at WcTestCases.NonReturnableGatePass.createNonReturble(NonReturnableGatePass.java:19)
at WcTestCases.NonReturnableGatePass.createNonReturble(NonReturnableGatePass.java:19)
at WcTestCases.NonReturnableGatePass.createNonReturble(NonReturnableGatePass.java:19)
at WcTestCases.NonReturnableGatePass.createNonReturble(NonReturnableGatePass.java:19)
at WcTestCases.NonReturnableGatePass.createNonReturble(NonReturnableGatePass.java:19)
at WcTestCases.NonReturnableGatePass.createNonReturble(NonReturnableGatePass.java:19)
at WcTestCases.NonReturnableGatePass.createNonReturble(NonReturnableGatePass.java:19)
at WcTestCases.NonReturnableGatePass.createNonReturble(NonReturnableGatePass.java:19)
at WcTestCases.NonReturnableGatePass.createNonReturble(NonReturnableGatePass.java:19)
at WcTestCases.NonReturnableGatePass.createNonReturble(NonReturnableGatePass.java:19)
at WcTestCases.NonReturnableGatePass.createNonReturble(NonReturnableGatePass.java:19)
at WcTestCases.NonReturnableGatePass.createNonReturble(NonReturnableGatePass.java:19)
at WcTestCases.NonReturnableGatePass.createNonReturble(NonReturnableGatePass.java:19)
at WcTestCases.NonReturnableGatePass.createNonReturble(NonReturnableGatePass.java:19)
at WcTestCases.NonReturnableGatePass.createNonReturble(NonReturnableGatePass.java:19)
at WcTestCases.NonReturnableGatePass.createNonReturble(NonReturnableGatePass.java:19)
at WcTestCases.NonReturnableGatePass.createNonReturble(NonReturnableGatePass.java:19)
at WcTestCases.NonReturnableGatePass.createNonReturble(NonReturnableGatePass.java:19)
at WcTestCases.NonReturnableGatePass.createNonReturble(NonReturnableGatePass.java:19)
at WcTestCases.NonReturnableGatePass.createNonReturble(NonReturnableGatePass.java:19)
at WcTestCases.NonReturnableGatePass.createNonReturble(NonReturnableGatePass.java:19)
at WcTestCases.NonReturnableGatePass.createNonReturble(NonReturnableGatePass.java:19)
at WcTestCases.NonReturnableGatePass.createNonReturble(NonReturnableGatePass.java:19)
at WcTestCases.NonReturnableGatePass.createNonReturble(NonReturnableGatePass.java:19)
at WcTestCases.NonReturnableGatePass.createNonReturble(NonReturnableGatePass.java:19)
at WcTestCases.NonReturnableGatePass.createNonReturble(NonReturnableGatePass.java:19)
at WcTestCases.NonReturnableGatePass.createNonReturble(NonReturnableGatePass.java:19)
at WcTestCases.NonReturnableGatePass.createNonReturble(NonReturnableGatePass.java:19)
at WcTestCases.NonReturnableGatePass.createNonReturble(NonReturnableGatePass.java:19)
at WcTestCases.NonReturnableGatePass.createNonReturble(NonReturnableGatePass.java:19)
at WcTestCases.NonReturnableGatePass.createNonReturble(NonReturnableGatePass.java:19)
at WcTestCases.NonReturnableGatePass.createNonReturble(NonReturnableGatePass.java:19)
at WcTestCases.NonReturnableGatePass.createNonReturble(NonReturnableGatePass.java:19)
at WcTestCases.NonReturnableGatePass.createNonReturble(NonReturnableGatePass.java:19)
at WcTestCases.NonReturnableGatePass.createNonReturble(NonReturnableGatePass.java:19)
at WcTestCases.NonReturnableGatePass.createNonReturble(NonReturnableGatePass.java:19)
at WcTestCases.NonReturnableGatePass.createNonReturble(NonReturnableGatePass.java:19)
at WcTestCases.NonReturnableGatePass.createNonReturble(NonReturnableGatePass.java:19)
at WcTestCases.NonReturnableGatePass.createNonReturble(NonReturnableGatePass.java:19)
at WcTestCases.NonReturnableGatePass.createNonReturble(NonReturnableGatePass.java:19)
at WcTestCases.NonReturnableGatePass.createNonReturble(NonReturnableGatePass.java:19)
at WcTestCases.NonReturnableGatePass.createNonReturble(NonReturnableGatePass.java:19)
at WcTestCases.NonReturnableGatePass.createNonReturble(NonReturnableGatePass.java:19)
at WcTestCases.NonReturnableGatePass.createNonReturble(NonReturnableGatePass.java:19)
at WcTestCases.NonReturnableGatePass.createNonReturble(NonReturnableGatePass.java:19)
at WcTestCases.NonReturnableGatePass.createNonReturble(NonReturnableGatePass.java:19)
at WcTestCases.NonReturnableGatePass.createNonReturble(NonReturnableGatePass.java:19)
at WcTestCases.NonReturnableGatePass.createNonReturble(NonReturnableGatePass.java:19)
at WcTestCases.NonReturnableGatePass.createNonReturble(NonReturnableGatePass.java:19)
at WcTestCases.NonReturnableGatePass.createNonReturble(NonReturnableGatePass.java:19)
at WcTestCases.NonReturnableGatePass.createNonReturble(NonReturnableGatePass.java:19)
at WcTestCases.NonReturnableGatePass.createNonReturble(NonReturnableGatePass.java:19)
at WcTestCases.NonReturnableGatePass.createNonReturble(NonReturnableGatePass.java:19)
at WcTestCases.NonReturnableGatePass.createNonReturble(NonReturnableGatePass.java:19)
at WcTestCases.NonReturnableGatePass.createNonReturble(NonReturnableGatePass.java:19)
at WcTestCases.NonReturnableGatePass.createNonReturble(NonReturnableGatePass.java:19)
at WcTestCases.NonReturnableGatePass.createNonReturble(NonReturnableGatePass.java:19)
at WcTestCases.NonReturnableGatePass.createNonReturble(NonReturnableGatePass.java:19)
at WcTestCases.NonReturnableGatePass.createNonReturble(NonReturnableGatePass.java:19)
at WcTestCases.NonReturnableGatePass.createNonReturble(NonReturnableGatePass.java:19)
at WcTestCases.NonReturnableGatePass.createNonReturble(NonReturnableGatePass.java:19)
at WcTestCases.NonReturnableGatePass.createNonReturble(NonReturnableGatePass.java:19)
at WcTestCases.NonReturnableGatePass.createNonReturble(NonReturnableGatePass.java:19)
at WcTestCases.NonReturnableGatePass.createNonReturble(NonReturnableGatePass.java:19)
at WcTestCases.NonReturnableGatePass.createNonReturble(NonReturnableGatePass.java:19)
at WcTestCases.NonReturnableGatePass.createNonReturble(NonReturnableGatePass.java:19)
at WcTestCases.NonReturnableGatePass.createNonReturble(NonReturnableGatePass.java:19)
at WcTestCases.NonReturnableGatePass.createNonReturble(NonReturnableGatePass.java:19)
at WcTestCases.NonReturnableGatePass.createNonReturble(NonReturnableGatePass.java:19)
at WcTestCases.NonReturnableGatePass.createNonReturble(NonReturnableGatePass.java:19)
at WcTestCases.NonReturnableGatePass.createNonReturble(NonReturnableGatePass.java:19)
at WcTestCases.NonReturnableGatePass.createNonReturble(NonReturnableGatePass.java:19)
at WcTestCases.NonReturnableGatePass.createNonReturble(NonReturnableGatePass.java:19)
at WcTestCases.NonReturnableGatePass.createNonReturble(NonReturnableGatePass.java:19)
at WcTestCases.NonReturnableGatePass.createNonReturble(NonReturnableGatePass.java:19)
at WcTestCases.NonReturnableGatePass.createNonReturble(NonReturnableGatePass.java:19)
at WcTestCases.NonReturnableGatePass.createNonReturble(NonReturnableGatePass.java:19)
at WcTestCases.NonReturnableGatePass.createNonReturble(NonReturnableGatePass.java:19)
at WcTestCases.NonReturnableGatePass.createNonReturble(NonReturnableGatePass.java:19)
at WcTestCases.NonReturnableGatePass.createNonReturble(NonReturnableGatePass.java:19)
at WcTestCases.NonReturnableGatePass.createNonReturble(NonReturnableGatePass.java:19)
at WcTestCases.NonReturnableGatePass.createNonReturble(NonReturnableGatePass.java:19)
at WcTestCases.NonReturnableGatePass.createNonReturble(NonReturnableGatePass.java:19)
at WcTestCases.NonReturnableGatePass.createNonReturble(NonReturnableGatePass.java:19)
at WcTestCases.NonReturnableGatePass.createNonReturble(NonReturnableGatePass.java:19)
at WcTestCases.NonReturnableGatePass.createNonReturble(NonReturnableGatePass.java:19)
at WcTestCases.NonReturnableGatePass.createNonReturble(NonReturnableGatePass.java:19)
at WcTestCases.NonReturnableGatePass.createNonReturble(NonReturnableGatePass.java:19)
at WcTestCases.NonReturnableGatePass.createNonReturble(NonReturnableGatePass.java:19)
at WcTestCases.NonReturnableGatePass.createNonReturble(NonReturnableGatePass.java:19)
at WcTestCases.NonReturnableGatePass.createNonReturble(NonReturnableGatePass.java:19)
at WcTestCases.NonReturnableGatePass.createNonReturble(NonReturnableGatePass.java:19)
at WcTestCases.NonReturnableGatePass.createNonReturble(NonReturnableGatePass.java:19)
at WcTestCases.NonReturnableGatePass.createNonReturble(NonReturnableGatePass.java:19)
at WcTestCases.NonReturnableGatePass.createNonReturble(NonReturnableGatePass.java:19)
at WcTestCases.NonReturnableGatePass.createNonReturble(NonReturnableGatePass.java:19)
at WcTestCases.NonReturnableGatePass.createNonReturble(NonReturnableGatePass.java:19)
at WcTestCases.NonReturnableGatePass.createNonReturble(NonReturnableGatePass.java:19)
at WcTestCases.NonReturnableGatePass.createNonReturble(NonReturnableGatePass.java:19)
at WcTestCases.NonReturnableGatePass.createNonReturble(NonReturnableGatePass.java:19)
at WcTestCases.NonReturnableGatePass.createNonReturble(NonReturnableGatePass.java:19)
at WcTestCases.NonReturnableGatePass.createNonReturble(NonReturnableGatePass.java:19)
at WcTestCases.NonReturnableGatePass.createNonReturble(NonReturnableGatePass.java:19)
at WcTestCases.NonReturnableGatePass.createNonReturble(NonReturnableGatePass.java:19)
at WcTestCases.NonReturnableGatePass.createNonReturble(NonReturnableGatePass.java:19)
at WcTestCases.NonReturnableGatePass.createNonReturble(NonReturnableGatePass.java:19)
at WcTestCases.NonReturnableGatePass.createNonReturble(NonReturnableGatePass.java:19)
at WcTestCases.NonReturnableGatePass.createNonReturble(NonReturnableGatePass.java:19)
at WcTestCases.NonReturnableGatePass.createNonReturble(NonReturnableGatePass.java:19)
at WcTestCases.NonReturnableGatePass.createNonReturble(NonReturnableGatePass.java:19)
at WcTestCases.NonReturnableGatePass.createNonReturble(NonReturnableGatePass.java:19)
at WcTestCases.NonReturnableGatePass.createNonReturble(NonReturnableGatePass.java:19)
at WcTestCases.NonReturnableGatePass.createNonReturble(NonReturnableGatePass.java:19)
at WcTestCases.NonReturnableGatePass.createNonReturble(NonReturnableGatePass.java:19)
at WcTestCases.NonReturnableGatePass.createNonReturble(NonReturnableGatePass.java:19)
at WcTestCases.NonReturnableGatePass.createNonReturble(NonReturnableGatePass.java:19)
at WcTestCases.NonReturnableGatePass.createNonReturble(NonReturnableGatePass.java:19)
at WcTestCases.NonReturnableGatePass.createNonReturble(NonReturnableGatePass.java:19)
at WcTestCases.NonReturnableGatePass.createNonReturble(NonReturnableGatePass.java:19)
at WcTestCases.NonReturnableGatePass.createNonReturble(NonReturnableGatePass.java:19)
at WcTestCases.NonReturnableGatePass.createNonReturble(NonReturnableGatePass.java:19)
at WcTestCases.NonReturnableGatePass.createNonReturble(NonReturnableGatePass.java:19)
at WcTestCases.NonReturnableGatePass.createNonReturble(NonReturnableGatePass.java:19)
at WcTestCases.NonReturnableGatePass.createNonReturble(NonReturnableGatePass.java:19)
at WcTestCases.NonReturnableGatePass.createNonReturble(NonReturnableGatePass.java:19)
at WcTestCases.NonReturnableGatePass.createNonReturble(NonReturnableGatePass.java:19)
at WcTestCases.NonReturnableGatePass.createNonReturble(NonReturnableGatePass.java:19)
at WcTestCases.NonReturnableGatePass.createNonReturble(NonReturnableGatePass.java:19)
at WcTestCases.NonReturnableGatePass.createNonReturble(NonReturnableGatePass.java:19)
at WcTestCases.NonReturnableGatePass.createNonReturble(NonReturnableGatePass.java:19)
at WcTestCases.NonReturnableGatePass.createNonReturble(NonReturnableGatePass.java:19)
at WcTestCases.NonReturnableGatePass.createNonReturble(NonReturnableGatePass.java:19)
at WcTestCases.NonReturnableGatePass.createNonReturble(NonReturnableGatePass.java:19)
at WcTestCases.NonReturnableGatePass.createNonReturble(NonReturnableGatePass.java:19)
at WcTestCases.NonReturnableGatePass.createNonReturble(NonReturnableGatePass.java:19)
at WcTestCases.NonReturnableGatePass.createNonReturble(NonReturnableGatePass.java:19)
at WcTestCases.NonReturnableGatePass.createNonReturble(NonReturnableGatePass.java:19)
at WcTestCases.NonReturnableGatePass.createNonReturble(NonReturnableGatePass.java:19)
at WcTestCases.NonReturnableGatePass.createNonReturble(NonReturnableGatePass.java:19)
at WcTestCases.NonReturnableGatePass.createNonReturble(NonReturnableGatePass.java:19)
at WcTestCases.NonReturnableGatePass.createNonReturble(NonReturnableGatePass.java:19)
at WcTestCases.NonReturnableGatePass.createNonReturble(NonReturnableGatePass.java:19)
at WcTestCases.NonReturnableGatePass.createNonReturble(NonReturnableGatePass.java:19)
]]>
    </error>
  </testcase> <!-- createNonReturble -->
  <system-out/>
</testsuite> <!-- WcTestCases.NonReturnableGatePass -->
