<?xml version="1.0" encoding="UTF-8"?>
<!-- Generated by org.testng.reporters.JUnitReportReporter -->
<testsuite hostname="DESKTOP-G6VU19K" failures="0" tests="1" name="WebTestCases.TC_031_NonSkinnedSsoTest" time="134.675" errors="0" timestamp="2021-03-09T21:11:30 IST" skipped="0">
  <testcase classname="WebTestCases.TC_031_NonSkinnedSsoTest" name="TC_031_nonSkinnedSsoTest" time="134.675"/>
  <system-out/>
</testsuite> <!-- WebTestCases.TC_031_NonSkinnedSsoTest -->
