<?xml version="1.0" encoding="UTF-8"?>
<!-- Generated by org.testng.reporters.JUnitReportReporter -->
<testsuite hostname="DESKTOP-G6VU19K" failures="0" tests="1" name="WebTestCases.TC_035_ReprintQuoteOrAppWithAppNumber" time="52.751" errors="0" timestamp="2021-03-09T21:11:30 IST" skipped="0">
  <testcase classname="WebTestCases.TC_035_ReprintQuoteOrAppWithAppNumber" name="TC_012_reprintQuoteOrAppWithAppNumber" time="52.751"/>
  <system-out/>
</testsuite> <!-- WebTestCases.TC_035_ReprintQuoteOrAppWithAppNumber -->
