<?xml version="1.0" encoding="UTF-8"?>
<!-- Generated by org.testng.reporters.JUnitReportReporter -->
<testsuite hostname="DESKTOP-G6VU19K" failures="0" tests="1" name="WebTestCases.TC_044_ZurichQuote_scenario_2" time="102.981" errors="0" timestamp="2021-03-10T20:12:00 IST" skipped="0">
  <testcase classname="WebTestCases.TC_044_ZurichQuote_scenario_2" name="TC_044_zurichQuote_scenario_2" time="102.981"/>
  <system-out/>
</testsuite> <!-- WebTestCases.TC_044_ZurichQuote_scenario_2 -->
