<?xml version="1.0" encoding="UTF-8"?>
<!-- Generated by org.testng.reporters.JUnitReportReporter -->
<testsuite hostname="DESKTOP-G6VU19K" failures="0" tests="1" name="WebTestCases.TC_048_FloodQuote_scenario_4" time="176.814" errors="0" timestamp="2021-03-11T21:54:57 IST" skipped="0">
  <testcase classname="WebTestCases.TC_048_FloodQuote_scenario_4" name="TC_048_floodQuote_scenario_4" time="176.814"/>
  <system-out/>
</testsuite> <!-- WebTestCases.TC_048_FloodQuote_scenario_4 -->
