<?xml version="1.0" encoding="UTF-8"?>
<!-- Generated by org.testng.reporters.JUnitReportReporter -->
<testsuite hostname="DESKTOP-G6VU19K" failures="0" tests="1" name="WebTestCases.PrToPoFlow" time="1230.377" errors="0" timestamp="2021-12-21T17:46:06 IST" skipped="0">
  <testcase classname="WebTestCases.PrToPoFlow" name="loginToWonderCement" time="1230.377"/>
  <system-out/>
</testsuite> <!-- WebTestCases.PrToPoFlow -->
