<?xml version="1.0" encoding="UTF-8"?>
<!-- Generated by org.testng.reporters.JUnitReportReporter -->
<testsuite hostname="DESKTOP-G6VU19K" failures="0" tests="1" name="WebTestCases.TC_024_SearchPolicyFromSearchBox" time="71.494" errors="0" timestamp="2021-03-10T21:43:49 IST" skipped="0">
  <testcase classname="WebTestCases.TC_024_SearchPolicyFromSearchBox" name="TC_024_searchPolicyFromSearchBox" time="71.494"/>
  <system-out/>
</testsuite> <!-- WebTestCases.TC_024_SearchPolicyFromSearchBox -->
