<?xml version="1.0" encoding="UTF-8"?>
<!-- Generated by org.testng.reporters.JUnitReportReporter -->
<testsuite hostname="DESKTOP-G6VU19K" failures="0" tests="1" name="WebTestCases.TC_037_InclineFloodQuote" time="87.979" errors="0" timestamp="2021-03-11T17:07:42 IST" skipped="0">
  <testcase classname="WebTestCases.TC_037_InclineFloodQuote" name="TC_038_inclineFloodQuote" time="87.979"/>
  <system-out/>
</testsuite> <!-- WebTestCases.TC_037_InclineFloodQuote -->
