<?xml version="1.0" encoding="UTF-8"?>
<!-- Generated by org.testng.reporters.JUnitReportReporter -->
<testsuite hostname="DESKTOP-G6VU19K" failures="0" tests="1" name="WebTestCases.TC_047_FloodQuote_scenario_3" time="167.585" errors="0" timestamp="2021-03-11T17:33:18 IST" skipped="0">
  <testcase classname="WebTestCases.TC_047_FloodQuote_scenario_3" name="TC_047_floodQuote_scenario_3" time="167.585"/>
  <system-out/>
</testsuite> <!-- WebTestCases.TC_047_FloodQuote_scenario_3 -->
