<?xml version="1.0" encoding="UTF-8"?>
<!-- Generated by org.testng.reporters.JUnitReportReporter -->
<testsuite hostname="DESKTOP-G6VU19K" failures="0" tests="1" name="WcTestCases.NonReturnableGatePassTest" time="449.365" errors="0" timestamp="2021-12-27T17:17:31 IST" skipped="0">
  <testcase classname="WcTestCases.NonReturnableGatePassTest" name="createNonReturnable" time="449.365"/>
  <system-out/>
</testsuite> <!-- WcTestCases.NonReturnableGatePassTest -->
