<?xml version="1.0" encoding="UTF-8"?>
<!-- Generated by org.testng.reporters.JUnitReportReporter -->
<testsuite hostname="DESKTOP-G6VU19K" failures="0" tests="1" name="WcTestCases.PrToPoCreation" time="10.723" errors="0" timestamp="2021-11-26T16:04:36 IST" skipped="0">
  <testcase classname="WcTestCases.PrToPoCreation" name="createPrandPo" time="10.723"/>
  <system-out/>
</testsuite> <!-- WcTestCases.PrToPoCreation -->
