<?xml version="1.0" encoding="UTF-8"?>
<!-- Generated by org.testng.reporters.JUnitReportReporter -->
<testsuite hostname="DESKTOP-G6VU19K" failures="0" tests="1" name="WcTestCases.GatePassTest" time="790.192" errors="0" timestamp="2021-12-27T15:18:04 IST" skipped="0">
  <testcase classname="WcTestCases.GatePassTest" name="gatePassCreation" time="790.192"/>
  <system-out/>
</testsuite> <!-- WcTestCases.GatePassTest -->
