<?xml version="1.0" encoding="UTF-8"?>
<!-- Generated by org.testng.reporters.JUnitReportReporter -->
<testsuite hostname="DESKTOP-G6VU19K" failures="0" tests="1" name="WebTestCases.TC_029_TokenNumber" time="42.212" errors="0" timestamp="2021-03-09T21:11:30 IST" skipped="0">
  <testcase classname="WebTestCases.TC_029_TokenNumber" name="TC_029_tokenNumber" time="42.212"/>
  <system-out/>
</testsuite> <!-- WebTestCases.TC_029_TokenNumber -->
