<?xml version="1.0" encoding="UTF-8"?>
<!-- Generated by org.testng.reporters.JUnitReportReporter -->
<testsuite hostname="DESKTOP-G6VU19K" failures="0" tests="1" name="WebTestCases.Sample" time="0.022" errors="0" timestamp="2021-06-11T13:38:27 IST" skipped="0">
  <testcase classname="WebTestCases.Sample" name="testOne" time="0.022"/>
  <system-out/>
</testsuite> <!-- WebTestCases.Sample -->
