<?xml version="1.0" encoding="UTF-8"?>
<!-- Generated by org.testng.reporters.JUnitReportReporter -->
<testsuite hostname="DESKTOP-G6VU19K" failures="0" tests="1" name="WebTestCases.TC_041_PRPQuote" time="149.241" errors="0" timestamp="2021-03-09T21:11:30 IST" skipped="0">
  <testcase classname="WebTestCases.TC_041_PRPQuote" name="TC_041_prpQuote" time="149.241"/>
  <system-out/>
</testsuite> <!-- WebTestCases.TC_041_PRPQuote -->
