<?xml version="1.0" encoding="UTF-8"?>
<!-- Generated by org.testng.reporters.JUnitReportReporter -->
<testsuite hostname="DESKTOP-G6VU19K" failures="0" tests="1" name="WebTestCases.TC_005_Reports" time="39.773" errors="0" timestamp="2021-03-09T21:11:30 IST" skipped="0">
  <testcase classname="WebTestCases.TC_005_Reports" name="TC_005_reports" time="39.773"/>
  <system-out/>
</testsuite> <!-- WebTestCases.TC_005_Reports -->
