<?xml version="1.0" encoding="UTF-8"?>
<!-- Generated by org.testng.reporters.JUnitReportReporter -->
<testsuite hostname="DESKTOP-G6VU19K" failures="0" tests="1" name="WebTestCases.TC_045_Inclined_scenario_2" time="73.580" errors="0" timestamp="2021-03-11T17:10:27 IST" skipped="0">
  <testcase classname="WebTestCases.TC_045_Inclined_scenario_2" name="TC_045_inclined_scenario_2" time="73.580"/>
  <system-out/>
</testsuite> <!-- WebTestCases.TC_045_Inclined_scenario_2 -->
