<?xml version="1.0" encoding="UTF-8"?>
<!-- Generated by org.testng.reporters.JUnitReportReporter -->
<testsuite hostname="DESKTOP-G6VU19K" failures="0" tests="1" name="WebTestCases.TC_049_Inclined_scenario_3" time="75.605" errors="0" timestamp="2021-03-11T21:59:19 IST" skipped="0">
  <testcase classname="WebTestCases.TC_049_Inclined_scenario_3" name="TC_049_inclined_scenario_3" time="75.605"/>
  <system-out/>
</testsuite> <!-- WebTestCases.TC_049_Inclined_scenario_3 -->
