<?xml version="1.0" encoding="UTF-8"?>
<!-- Generated by org.testng.reporters.JUnitReportReporter -->
<testsuite hostname="DESKTOP-G6VU19K" failures="0" tests="1" name="WebTestCases.TC_043_Hiscox_scenario_2" time="85.115" errors="0" timestamp="2021-03-11T21:01:52 IST" skipped="0">
  <testcase classname="WebTestCases.TC_043_Hiscox_scenario_2" name="TC_043_hiscox_scenario_2" time="85.115"/>
  <system-out/>
</testsuite> <!-- WebTestCases.TC_043_Hiscox_scenario_2 -->
