<?xml version="1.0" encoding="UTF-8"?>
<!-- Generated by org.testng.reporters.JUnitReportReporter -->
<testsuite hostname="DESKTOP-G6VU19K" failures="0" tests="1" name="WebTestCases.TC_050_FloodQuote_scenario5" time="140.685" errors="0" timestamp="2021-03-11T21:57:48 IST" skipped="0">
  <testcase classname="WebTestCases.TC_050_FloodQuote_scenario5" name="TC_050_floodQuote_scenario5" time="140.685"/>
  <system-out/>
</testsuite> <!-- WebTestCases.TC_050_FloodQuote_scenario5 -->
